2018-09-18 09:41:12.343  [main] INFO  org.mongodb.driver.cluster - Cluster created with settings {hosts=[localhost:27017], mode=SINGLE, requiredClusterType=UNKNOWN, serverSelectionTimeout='30000 ms', maxWaitQueueSize=500}
2018-09-18 09:41:12.407  [main] INFO  org.mongodb.driver.cluster - Cluster description not yet available. Waiting for 30000 ms before timing out
2018-09-18 09:41:13.448  [cluster-ClusterId{value='5ba0ac18e56f9f1a249ee72e', description='null'}-localhost:27017] INFO  org.mongodb.driver.cluster - Exception in monitor thread while connecting to server localhost:27017
com.mongodb.MongoSocketOpenException: Exception opening socket
	at com.mongodb.internal.connection.SocketChannelStream.open(SocketChannelStream.java:60) ~[mongodb-driver-core-3.8.1.jar:?]
	at com.mongodb.internal.connection.InternalStreamConnection.open(InternalStreamConnection.java:126) ~[mongodb-driver-core-3.8.1.jar:?]
	at com.mongodb.internal.connection.DefaultServerMonitor$ServerMonitorRunnable.run(DefaultServerMonitor.java:117) [mongodb-driver-core-3.8.1.jar:?]
	at java.lang.Thread.run(Thread.java:748) [?:1.8.0_162]
Caused by: java.net.ConnectException: Connection refused: no further information
	at sun.nio.ch.SocketChannelImpl.checkConnect(Native Method) ~[?:1.8.0_162]
	at sun.nio.ch.SocketChannelImpl.finishConnect(SocketChannelImpl.java:717) ~[?:1.8.0_162]
	at sun.nio.ch.SocketAdaptor.connect(SocketAdaptor.java:111) ~[?:1.8.0_162]
	at com.mongodb.internal.connection.SocketStreamHelper.initialize(SocketStreamHelper.java:64) ~[mongodb-driver-core-3.8.1.jar:?]
	at com.mongodb.internal.connection.SocketChannelStream.open(SocketChannelStream.java:57) ~[mongodb-driver-core-3.8.1.jar:?]
	... 3 more
2018-09-18 09:47:30.283  [main] INFO  org.mongodb.driver.cluster - Cluster created with settings {hosts=[localhost:27017], mode=SINGLE, requiredClusterType=UNKNOWN, serverSelectionTimeout='30000 ms', maxWaitQueueSize=500}
2018-09-18 09:47:30.341  [main] INFO  org.mongodb.driver.cluster - Cluster description not yet available. Waiting for 30000 ms before timing out
2018-09-18 09:47:30.399  [cluster-ClusterId{value='5ba0ad925517c92db4bdb6ef', description='null'}-localhost:27017] INFO  org.mongodb.driver.connection - Opened connection [connectionId{localValue:1, serverValue:1}] to localhost:27017
2018-09-18 09:47:30.404  [cluster-ClusterId{value='5ba0ad925517c92db4bdb6ef', description='null'}-localhost:27017] INFO  org.mongodb.driver.cluster - Monitor thread successfully connected to server with description ServerDescription{address=localhost:27017, type=STANDALONE, state=CONNECTED, ok=true, version=ServerVersion{versionList=[4, 0, 2]}, minWireVersion=0, maxWireVersion=7, maxDocumentSize=16777216, logicalSessionTimeoutMinutes=30, roundTripTimeNanos=3617300}
2018-09-18 09:47:30.418  [main] INFO  org.mongodb.driver.connection - Opened connection [connectionId{localValue:2, serverValue:2}] to localhost:27017
2018-09-18 09:59:33.764  [main] INFO  org.mongodb.driver.cluster - Cluster created with settings {hosts=[localhost:27017], mode=SINGLE, requiredClusterType=UNKNOWN, serverSelectionTimeout='30000 ms', maxWaitQueueSize=500}
2018-09-18 09:59:33.813  [main] INFO  org.mongodb.driver.cluster - Cluster description not yet available. Waiting for 30000 ms before timing out
2018-09-18 09:59:33.875  [cluster-ClusterId{value='5ba0b0655517c913a81be7fd', description='null'}-localhost:27017] INFO  org.mongodb.driver.connection - Opened connection [connectionId{localValue:1, serverValue:3}] to localhost:27017
2018-09-18 09:59:33.880  [cluster-ClusterId{value='5ba0b0655517c913a81be7fd', description='null'}-localhost:27017] INFO  org.mongodb.driver.cluster - Monitor thread successfully connected to server with description ServerDescription{address=localhost:27017, type=STANDALONE, state=CONNECTED, ok=true, version=ServerVersion{versionList=[4, 0, 2]}, minWireVersion=0, maxWireVersion=7, maxDocumentSize=16777216, logicalSessionTimeoutMinutes=30, roundTripTimeNanos=3366800}
2018-09-18 09:59:33.901  [main] INFO  org.mongodb.driver.connection - Opened connection [connectionId{localValue:2, serverValue:4}] to localhost:27017
2018-09-18 10:01:12.872  [main] INFO  org.mongodb.driver.cluster - Cluster created with settings {hosts=[localhost:27017], mode=SINGLE, requiredClusterType=UNKNOWN, serverSelectionTimeout='30000 ms', maxWaitQueueSize=500}
2018-09-18 10:01:12.916  [main] INFO  org.mongodb.driver.cluster - Cluster description not yet available. Waiting for 30000 ms before timing out
2018-09-18 10:01:12.974  [cluster-ClusterId{value='5ba0b0c85517c940e85a76e3', description='null'}-localhost:27017] INFO  org.mongodb.driver.connection - Opened connection [connectionId{localValue:1, serverValue:5}] to localhost:27017
2018-09-18 10:01:12.978  [cluster-ClusterId{value='5ba0b0c85517c940e85a76e3', description='null'}-localhost:27017] INFO  org.mongodb.driver.cluster - Monitor thread successfully connected to server with description ServerDescription{address=localhost:27017, type=STANDALONE, state=CONNECTED, ok=true, version=ServerVersion{versionList=[4, 0, 2]}, minWireVersion=0, maxWireVersion=7, maxDocumentSize=16777216, logicalSessionTimeoutMinutes=30, roundTripTimeNanos=3064900}
2018-09-18 10:01:12.992  [main] INFO  org.mongodb.driver.connection - Opened connection [connectionId{localValue:2, serverValue:6}] to localhost:27017
2018-09-18 10:02:10.382  [main] INFO  org.mongodb.driver.cluster - Cluster created with settings {hosts=[localhost:27017], mode=SINGLE, requiredClusterType=UNKNOWN, serverSelectionTimeout='30000 ms', maxWaitQueueSize=500}
2018-09-18 10:02:10.430  [main] INFO  org.mongodb.driver.cluster - Cluster description not yet available. Waiting for 30000 ms before timing out
2018-09-18 10:02:10.487  [cluster-ClusterId{value='5ba0b1025517c92ae00f24e5', description='null'}-localhost:27017] INFO  org.mongodb.driver.connection - Opened connection [connectionId{localValue:1, serverValue:7}] to localhost:27017
2018-09-18 10:02:10.492  [cluster-ClusterId{value='5ba0b1025517c92ae00f24e5', description='null'}-localhost:27017] INFO  org.mongodb.driver.cluster - Monitor thread successfully connected to server with description ServerDescription{address=localhost:27017, type=STANDALONE, state=CONNECTED, ok=true, version=ServerVersion{versionList=[4, 0, 2]}, minWireVersion=0, maxWireVersion=7, maxDocumentSize=16777216, logicalSessionTimeoutMinutes=30, roundTripTimeNanos=3247400}
2018-09-18 10:02:10.505  [main] INFO  org.mongodb.driver.connection - Opened connection [connectionId{localValue:2, serverValue:8}] to localhost:27017
2018-09-18 10:03:48.674  [main] INFO  org.mongodb.driver.cluster - Cluster created with settings {hosts=[localhost:27017], mode=SINGLE, requiredClusterType=UNKNOWN, serverSelectionTimeout='30000 ms', maxWaitQueueSize=500}
2018-09-18 10:03:48.720  [main] INFO  org.mongodb.driver.cluster - Cluster description not yet available. Waiting for 30000 ms before timing out
2018-09-18 10:03:48.784  [cluster-ClusterId{value='5ba0b1645517c904486ebeea', description='null'}-localhost:27017] INFO  org.mongodb.driver.connection - Opened connection [connectionId{localValue:1, serverValue:9}] to localhost:27017
2018-09-18 10:03:48.789  [cluster-ClusterId{value='5ba0b1645517c904486ebeea', description='null'}-localhost:27017] INFO  org.mongodb.driver.cluster - Monitor thread successfully connected to server with description ServerDescription{address=localhost:27017, type=STANDALONE, state=CONNECTED, ok=true, version=ServerVersion{versionList=[4, 0, 2]}, minWireVersion=0, maxWireVersion=7, maxDocumentSize=16777216, logicalSessionTimeoutMinutes=30, roundTripTimeNanos=3548900}
2018-09-18 10:03:48.820  [main] INFO  org.mongodb.driver.connection - Opened connection [connectionId{localValue:2, serverValue:10}] to localhost:27017
2018-09-18 10:04:06.670  [main] INFO  org.mongodb.driver.cluster - Cluster created with settings {hosts=[localhost:27017], mode=SINGLE, requiredClusterType=UNKNOWN, serverSelectionTimeout='30000 ms', maxWaitQueueSize=500}
2018-09-18 10:04:06.718  [main] INFO  org.mongodb.driver.cluster - Cluster description not yet available. Waiting for 30000 ms before timing out
2018-09-18 10:04:06.783  [cluster-ClusterId{value='5ba0b1765517c92cacda3a47', description='null'}-localhost:27017] INFO  org.mongodb.driver.connection - Opened connection [connectionId{localValue:1, serverValue:11}] to localhost:27017
2018-09-18 10:04:06.789  [cluster-ClusterId{value='5ba0b1765517c92cacda3a47', description='null'}-localhost:27017] INFO  org.mongodb.driver.cluster - Monitor thread successfully connected to server with description ServerDescription{address=localhost:27017, type=STANDALONE, state=CONNECTED, ok=true, version=ServerVersion{versionList=[4, 0, 2]}, minWireVersion=0, maxWireVersion=7, maxDocumentSize=16777216, logicalSessionTimeoutMinutes=30, roundTripTimeNanos=3676100}
2018-09-18 10:04:06.807  [main] INFO  org.mongodb.driver.connection - Opened connection [connectionId{localValue:2, serverValue:12}] to localhost:27017
2018-09-18 10:04:19.134  [main] INFO  org.mongodb.driver.cluster - Cluster created with settings {hosts=[localhost:27017], mode=SINGLE, requiredClusterType=UNKNOWN, serverSelectionTimeout='30000 ms', maxWaitQueueSize=500}
2018-09-18 10:04:19.176  [main] INFO  org.mongodb.driver.cluster - Cluster description not yet available. Waiting for 30000 ms before timing out
2018-09-18 10:04:19.233  [cluster-ClusterId{value='5ba0b1835517c92568401a23', description='null'}-localhost:27017] INFO  org.mongodb.driver.connection - Opened connection [connectionId{localValue:1, serverValue:13}] to localhost:27017
2018-09-18 10:04:19.238  [cluster-ClusterId{value='5ba0b1835517c92568401a23', description='null'}-localhost:27017] INFO  org.mongodb.driver.cluster - Monitor thread successfully connected to server with description ServerDescription{address=localhost:27017, type=STANDALONE, state=CONNECTED, ok=true, version=ServerVersion{versionList=[4, 0, 2]}, minWireVersion=0, maxWireVersion=7, maxDocumentSize=16777216, logicalSessionTimeoutMinutes=30, roundTripTimeNanos=3025700}
2018-09-18 10:04:19.253  [main] INFO  org.mongodb.driver.connection - Opened connection [connectionId{localValue:2, serverValue:14}] to localhost:27017
2018-09-18 10:04:32.618  [main] INFO  org.mongodb.driver.cluster - Cluster created with settings {hosts=[localhost:27017], mode=SINGLE, requiredClusterType=UNKNOWN, serverSelectionTimeout='30000 ms', maxWaitQueueSize=500}
2018-09-18 10:04:32.661  [main] INFO  org.mongodb.driver.cluster - Cluster description not yet available. Waiting for 30000 ms before timing out
2018-09-18 10:04:32.717  [cluster-ClusterId{value='5ba0b1905517c90654f6e289', description='null'}-localhost:27017] INFO  org.mongodb.driver.connection - Opened connection [connectionId{localValue:1, serverValue:15}] to localhost:27017
2018-09-18 10:04:32.721  [cluster-ClusterId{value='5ba0b1905517c90654f6e289', description='null'}-localhost:27017] INFO  org.mongodb.driver.cluster - Monitor thread successfully connected to server with description ServerDescription{address=localhost:27017, type=STANDALONE, state=CONNECTED, ok=true, version=ServerVersion{versionList=[4, 0, 2]}, minWireVersion=0, maxWireVersion=7, maxDocumentSize=16777216, logicalSessionTimeoutMinutes=30, roundTripTimeNanos=2712400}
2018-09-18 10:04:32.736  [main] INFO  org.mongodb.driver.connection - Opened connection [connectionId{localValue:2, serverValue:16}] to localhost:27017
2018-09-18 10:04:45.171  [main] INFO  org.mongodb.driver.cluster - Cluster created with settings {hosts=[localhost:27017], mode=SINGLE, requiredClusterType=UNKNOWN, serverSelectionTimeout='30000 ms', maxWaitQueueSize=500}
2018-09-18 10:04:45.231  [main] INFO  org.mongodb.driver.cluster - Cluster description not yet available. Waiting for 30000 ms before timing out
2018-09-18 10:04:45.301  [cluster-ClusterId{value='5ba0b19d5517c936d46b1bb1', description='null'}-localhost:27017] INFO  org.mongodb.driver.connection - Opened connection [connectionId{localValue:1, serverValue:17}] to localhost:27017
2018-09-18 10:04:45.307  [cluster-ClusterId{value='5ba0b19d5517c936d46b1bb1', description='null'}-localhost:27017] INFO  org.mongodb.driver.cluster - Monitor thread successfully connected to server with description ServerDescription{address=localhost:27017, type=STANDALONE, state=CONNECTED, ok=true, version=ServerVersion{versionList=[4, 0, 2]}, minWireVersion=0, maxWireVersion=7, maxDocumentSize=16777216, logicalSessionTimeoutMinutes=30, roundTripTimeNanos=3670200}
2018-09-18 10:04:45.326  [main] INFO  org.mongodb.driver.connection - Opened connection [connectionId{localValue:2, serverValue:18}] to localhost:27017
2018-09-18 10:05:32.104  [main] INFO  org.mongodb.driver.cluster - Cluster created with settings {hosts=[localhost:27017], mode=SINGLE, requiredClusterType=UNKNOWN, serverSelectionTimeout='30000 ms', maxWaitQueueSize=500}
2018-09-18 10:05:32.147  [main] INFO  org.mongodb.driver.cluster - Cluster description not yet available. Waiting for 30000 ms before timing out
2018-09-18 10:05:32.204  [cluster-ClusterId{value='5ba0b1cc5517c91cc4f8cdf7', description='null'}-localhost:27017] INFO  org.mongodb.driver.connection - Opened connection [connectionId{localValue:1, serverValue:19}] to localhost:27017
2018-09-18 10:05:32.209  [cluster-ClusterId{value='5ba0b1cc5517c91cc4f8cdf7', description='null'}-localhost:27017] INFO  org.mongodb.driver.cluster - Monitor thread successfully connected to server with description ServerDescription{address=localhost:27017, type=STANDALONE, state=CONNECTED, ok=true, version=ServerVersion{versionList=[4, 0, 2]}, minWireVersion=0, maxWireVersion=7, maxDocumentSize=16777216, logicalSessionTimeoutMinutes=30, roundTripTimeNanos=2988700}
2018-09-18 10:05:32.223  [main] INFO  org.mongodb.driver.connection - Opened connection [connectionId{localValue:2, serverValue:20}] to localhost:27017
2018-09-18 10:05:49.575  [main] INFO  org.mongodb.driver.cluster - Cluster created with settings {hosts=[localhost:27017], mode=SINGLE, requiredClusterType=UNKNOWN, serverSelectionTimeout='30000 ms', maxWaitQueueSize=500}
2018-09-18 10:05:49.619  [main] INFO  org.mongodb.driver.cluster - Cluster description not yet available. Waiting for 30000 ms before timing out
2018-09-18 10:05:49.680  [cluster-ClusterId{value='5ba0b1dd5517c939e4b32c07', description='null'}-localhost:27017] INFO  org.mongodb.driver.connection - Opened connection [connectionId{localValue:1, serverValue:21}] to localhost:27017
2018-09-18 10:05:49.685  [cluster-ClusterId{value='5ba0b1dd5517c939e4b32c07', description='null'}-localhost:27017] INFO  org.mongodb.driver.cluster - Monitor thread successfully connected to server with description ServerDescription{address=localhost:27017, type=STANDALONE, state=CONNECTED, ok=true, version=ServerVersion{versionList=[4, 0, 2]}, minWireVersion=0, maxWireVersion=7, maxDocumentSize=16777216, logicalSessionTimeoutMinutes=30, roundTripTimeNanos=3638200}
2018-09-18 10:05:49.711  [main] INFO  org.mongodb.driver.connection - Opened connection [connectionId{localValue:2, serverValue:22}] to localhost:27017
2018-09-18 10:05:58.471  [main] INFO  org.mongodb.driver.cluster - Cluster created with settings {hosts=[localhost:27017], mode=SINGLE, requiredClusterType=UNKNOWN, serverSelectionTimeout='30000 ms', maxWaitQueueSize=500}
2018-09-18 10:05:58.516  [main] INFO  org.mongodb.driver.cluster - Cluster description not yet available. Waiting for 30000 ms before timing out
2018-09-18 10:05:58.573  [cluster-ClusterId{value='5ba0b1e65517c92a10886866', description='null'}-localhost:27017] INFO  org.mongodb.driver.connection - Opened connection [connectionId{localValue:1, serverValue:23}] to localhost:27017
2018-09-18 10:05:58.578  [cluster-ClusterId{value='5ba0b1e65517c92a10886866', description='null'}-localhost:27017] INFO  org.mongodb.driver.cluster - Monitor thread successfully connected to server with description ServerDescription{address=localhost:27017, type=STANDALONE, state=CONNECTED, ok=true, version=ServerVersion{versionList=[4, 0, 2]}, minWireVersion=0, maxWireVersion=7, maxDocumentSize=16777216, logicalSessionTimeoutMinutes=30, roundTripTimeNanos=3218500}
2018-09-18 10:05:58.600  [main] INFO  org.mongodb.driver.connection - Opened connection [connectionId{localValue:2, serverValue:24}] to localhost:27017
2018-09-18 10:06:34.650  [main] INFO  org.mongodb.driver.cluster - Cluster created with settings {hosts=[localhost:27017], mode=SINGLE, requiredClusterType=UNKNOWN, serverSelectionTimeout='30000 ms', maxWaitQueueSize=500}
2018-09-18 10:06:34.850  [cluster-ClusterId{value='5ba0b20a5517c94094630f3b', description='null'}-localhost:27017] INFO  org.mongodb.driver.connection - Opened connection [connectionId{localValue:1, serverValue:25}] to localhost:27017
2018-09-18 10:06:34.857  [cluster-ClusterId{value='5ba0b20a5517c94094630f3b', description='null'}-localhost:27017] INFO  org.mongodb.driver.cluster - Monitor thread successfully connected to server with description ServerDescription{address=localhost:27017, type=STANDALONE, state=CONNECTED, ok=true, version=ServerVersion{versionList=[4, 0, 2]}, minWireVersion=0, maxWireVersion=7, maxDocumentSize=16777216, logicalSessionTimeoutMinutes=30, roundTripTimeNanos=5146900}
2018-09-18 10:06:34.940  [main] INFO  org.mongodb.driver.connection - Opened connection [connectionId{localValue:2, serverValue:26}] to localhost:27017
2018-09-18 10:06:41.436  [main] INFO  org.mongodb.driver.cluster - Cluster created with settings {hosts=[localhost:27017], mode=SINGLE, requiredClusterType=UNKNOWN, serverSelectionTimeout='30000 ms', maxWaitQueueSize=500}
2018-09-18 10:06:41.486  [main] INFO  org.mongodb.driver.cluster - Cluster description not yet available. Waiting for 30000 ms before timing out
2018-09-18 10:06:41.556  [cluster-ClusterId{value='5ba0b2115517c92d386538cf', description='null'}-localhost:27017] INFO  org.mongodb.driver.connection - Opened connection [connectionId{localValue:1, serverValue:27}] to localhost:27017
2018-09-18 10:06:41.562  [cluster-ClusterId{value='5ba0b2115517c92d386538cf', description='null'}-localhost:27017] INFO  org.mongodb.driver.cluster - Monitor thread successfully connected to server with description ServerDescription{address=localhost:27017, type=STANDALONE, state=CONNECTED, ok=true, version=ServerVersion{versionList=[4, 0, 2]}, minWireVersion=0, maxWireVersion=7, maxDocumentSize=16777216, logicalSessionTimeoutMinutes=30, roundTripTimeNanos=3775900}
2018-09-18 10:06:41.583  [main] INFO  org.mongodb.driver.connection - Opened connection [connectionId{localValue:2, serverValue:28}] to localhost:27017
2018-09-18 10:06:54.380  [main] INFO  org.mongodb.driver.cluster - Cluster created with settings {hosts=[localhost:27017], mode=SINGLE, requiredClusterType=UNKNOWN, serverSelectionTimeout='30000 ms', maxWaitQueueSize=500}
2018-09-18 10:06:54.448  [main] INFO  org.mongodb.driver.cluster - Cluster description not yet available. Waiting for 30000 ms before timing out
2018-09-18 10:06:54.518  [cluster-ClusterId{value='5ba0b21e5517c925ec127970', description='null'}-localhost:27017] INFO  org.mongodb.driver.connection - Opened connection [connectionId{localValue:1, serverValue:29}] to localhost:27017
2018-09-18 10:06:54.525  [cluster-ClusterId{value='5ba0b21e5517c925ec127970', description='null'}-localhost:27017] INFO  org.mongodb.driver.cluster - Monitor thread successfully connected to server with description ServerDescription{address=localhost:27017, type=STANDALONE, state=CONNECTED, ok=true, version=ServerVersion{versionList=[4, 0, 2]}, minWireVersion=0, maxWireVersion=7, maxDocumentSize=16777216, logicalSessionTimeoutMinutes=30, roundTripTimeNanos=4316000}
2018-09-18 10:06:54.548  [main] INFO  org.mongodb.driver.connection - Opened connection [connectionId{localValue:2, serverValue:30}] to localhost:27017
2018-09-18 10:07:08.452  [main] INFO  org.mongodb.driver.cluster - Cluster created with settings {hosts=[localhost:27017], mode=SINGLE, requiredClusterType=UNKNOWN, serverSelectionTimeout='30000 ms', maxWaitQueueSize=500}
2018-09-18 10:07:08.499  [main] INFO  org.mongodb.driver.cluster - Cluster description not yet available. Waiting for 30000 ms before timing out
2018-09-18 10:07:08.552  [cluster-ClusterId{value='5ba0b22c5517c90ee87993f5', description='null'}-localhost:27017] INFO  org.mongodb.driver.connection - Opened connection [connectionId{localValue:1, serverValue:31}] to localhost:27017
2018-09-18 10:07:08.557  [cluster-ClusterId{value='5ba0b22c5517c90ee87993f5', description='null'}-localhost:27017] INFO  org.mongodb.driver.cluster - Monitor thread successfully connected to server with description ServerDescription{address=localhost:27017, type=STANDALONE, state=CONNECTED, ok=true, version=ServerVersion{versionList=[4, 0, 2]}, minWireVersion=0, maxWireVersion=7, maxDocumentSize=16777216, logicalSessionTimeoutMinutes=30, roundTripTimeNanos=3167700}
2018-09-18 10:07:08.570  [main] INFO  org.mongodb.driver.connection - Opened connection [connectionId{localValue:2, serverValue:32}] to localhost:27017
2018-09-18 10:41:06.044  [main] INFO  org.mongodb.driver.cluster - Cluster created with settings {hosts=[localhost:27017], mode=SINGLE, requiredClusterType=UNKNOWN, serverSelectionTimeout='30000 ms', maxWaitQueueSize=500}
2018-09-18 10:41:06.087  [main] INFO  org.mongodb.driver.cluster - Cluster description not yet available. Waiting for 30000 ms before timing out
2018-09-18 10:41:06.142  [cluster-ClusterId{value='5ba0ba225517c938487ad34d', description='null'}-localhost:27017] INFO  org.mongodb.driver.connection - Opened connection [connectionId{localValue:1, serverValue:33}] to localhost:27017
2018-09-18 10:41:06.147  [cluster-ClusterId{value='5ba0ba225517c938487ad34d', description='null'}-localhost:27017] INFO  org.mongodb.driver.cluster - Monitor thread successfully connected to server with description ServerDescription{address=localhost:27017, type=STANDALONE, state=CONNECTED, ok=true, version=ServerVersion{versionList=[4, 0, 2]}, minWireVersion=0, maxWireVersion=7, maxDocumentSize=16777216, logicalSessionTimeoutMinutes=30, roundTripTimeNanos=3162000}
2018-09-18 10:41:06.163  [main] INFO  org.mongodb.driver.connection - Opened connection [connectionId{localValue:2, serverValue:34}] to localhost:27017
2018-09-18 10:55:39.880  [main] INFO  org.mongodb.driver.cluster - Cluster created with settings {hosts=[localhost:27017], mode=SINGLE, requiredClusterType=UNKNOWN, serverSelectionTimeout='30000 ms', maxWaitQueueSize=500}
2018-09-18 10:55:39.941  [main] INFO  org.mongodb.driver.cluster - Cluster description not yet available. Waiting for 30000 ms before timing out
2018-09-18 10:55:39.997  [cluster-ClusterId{value='5ba0bd8b5517c921f06fd156', description='null'}-localhost:27017] INFO  org.mongodb.driver.connection - Opened connection [connectionId{localValue:1, serverValue:35}] to localhost:27017
2018-09-18 10:55:40.002  [cluster-ClusterId{value='5ba0bd8b5517c921f06fd156', description='null'}-localhost:27017] INFO  org.mongodb.driver.cluster - Monitor thread successfully connected to server with description ServerDescription{address=localhost:27017, type=STANDALONE, state=CONNECTED, ok=true, version=ServerVersion{versionList=[4, 0, 2]}, minWireVersion=0, maxWireVersion=7, maxDocumentSize=16777216, logicalSessionTimeoutMinutes=30, roundTripTimeNanos=4020900}
2018-09-18 10:55:40.016  [main] INFO  org.mongodb.driver.connection - Opened connection [connectionId{localValue:2, serverValue:36}] to localhost:27017
2018-09-18 10:55:40.061  [main] INFO  org.mongodb.driver.connection - Closed connection [connectionId{localValue:2, serverValue:36}] to localhost:27017 because the pool has been closed.
2018-09-18 10:56:12.561  [main] INFO  org.mongodb.driver.cluster - Cluster created with settings {hosts=[localhost:27017], mode=SINGLE, requiredClusterType=UNKNOWN, serverSelectionTimeout='30000 ms', maxWaitQueueSize=500}
2018-09-18 10:56:12.617  [main] INFO  org.mongodb.driver.cluster - Cluster description not yet available. Waiting for 30000 ms before timing out
2018-09-18 10:56:12.663  [cluster-ClusterId{value='5ba0bdac5517c905c41a2665', description='null'}-localhost:27017] INFO  org.mongodb.driver.connection - Opened connection [connectionId{localValue:1, serverValue:37}] to localhost:27017
2018-09-18 10:56:12.668  [cluster-ClusterId{value='5ba0bdac5517c905c41a2665', description='null'}-localhost:27017] INFO  org.mongodb.driver.cluster - Monitor thread successfully connected to server with description ServerDescription{address=localhost:27017, type=STANDALONE, state=CONNECTED, ok=true, version=ServerVersion{versionList=[4, 0, 2]}, minWireVersion=0, maxWireVersion=7, maxDocumentSize=16777216, logicalSessionTimeoutMinutes=30, roundTripTimeNanos=2877100}
2018-09-18 10:56:12.683  [main] INFO  org.mongodb.driver.connection - Opened connection [connectionId{localValue:2, serverValue:38}] to localhost:27017
2018-09-18 10:56:12.850  [main] INFO  org.mongodb.driver.connection - Closed connection [connectionId{localValue:2, serverValue:38}] to localhost:27017 because the pool has been closed.
2018-09-18 10:56:39.328  [main] INFO  org.mongodb.driver.cluster - Cluster created with settings {hosts=[localhost:27017], mode=SINGLE, requiredClusterType=UNKNOWN, serverSelectionTimeout='30000 ms', maxWaitQueueSize=500}
2018-09-18 10:56:39.378  [main] INFO  org.mongodb.driver.cluster - Cluster description not yet available. Waiting for 30000 ms before timing out
2018-09-18 10:56:39.429  [cluster-ClusterId{value='5ba0bdc75517c913942603bb', description='null'}-localhost:27017] INFO  org.mongodb.driver.connection - Opened connection [connectionId{localValue:1, serverValue:39}] to localhost:27017
2018-09-18 10:56:39.433  [cluster-ClusterId{value='5ba0bdc75517c913942603bb', description='null'}-localhost:27017] INFO  org.mongodb.driver.cluster - Monitor thread successfully connected to server with description ServerDescription{address=localhost:27017, type=STANDALONE, state=CONNECTED, ok=true, version=ServerVersion{versionList=[4, 0, 2]}, minWireVersion=0, maxWireVersion=7, maxDocumentSize=16777216, logicalSessionTimeoutMinutes=30, roundTripTimeNanos=3007000}
2018-09-18 10:56:39.446  [main] INFO  org.mongodb.driver.connection - Opened connection [connectionId{localValue:2, serverValue:40}] to localhost:27017
2018-09-18 10:56:39.606  [main] INFO  org.mongodb.driver.connection - Closed connection [connectionId{localValue:2, serverValue:40}] to localhost:27017 because the pool has been closed.
2018-09-18 11:13:27.155  [main] INFO  org.mongodb.driver.cluster - Cluster created with settings {hosts=[localhost:27017], mode=SINGLE, requiredClusterType=UNKNOWN, serverSelectionTimeout='30000 ms', maxWaitQueueSize=500}
2018-09-18 11:13:27.230  [main] INFO  org.mongodb.driver.cluster - Cluster description not yet available. Waiting for 30000 ms before timing out
2018-09-18 11:13:27.299  [cluster-ClusterId{value='5ba0c1b75517c932102ce411', description='null'}-localhost:27017] INFO  org.mongodb.driver.connection - Opened connection [connectionId{localValue:1, serverValue:41}] to localhost:27017
2018-09-18 11:13:27.305  [cluster-ClusterId{value='5ba0c1b75517c932102ce411', description='null'}-localhost:27017] INFO  org.mongodb.driver.cluster - Monitor thread successfully connected to server with description ServerDescription{address=localhost:27017, type=STANDALONE, state=CONNECTED, ok=true, version=ServerVersion{versionList=[4, 0, 2]}, minWireVersion=0, maxWireVersion=7, maxDocumentSize=16777216, logicalSessionTimeoutMinutes=30, roundTripTimeNanos=4126500}
2018-09-18 11:13:27.324  [main] INFO  org.mongodb.driver.connection - Opened connection [connectionId{localValue:2, serverValue:42}] to localhost:27017
2018-09-18 11:13:27.339  [main] INFO  org.mongodb.driver.connection - Closed connection [connectionId{localValue:2, serverValue:42}] to localhost:27017 because the pool has been closed.
2018-09-18 11:14:08.180  [main] INFO  org.mongodb.driver.cluster - Cluster created with settings {hosts=[localhost:27017], mode=SINGLE, requiredClusterType=UNKNOWN, serverSelectionTimeout='30000 ms', maxWaitQueueSize=500}
2018-09-18 11:14:08.230  [main] INFO  org.mongodb.driver.cluster - Cluster description not yet available. Waiting for 30000 ms before timing out
2018-09-18 11:14:08.284  [cluster-ClusterId{value='5ba0c1e05517c92fc4245df6', description='null'}-localhost:27017] INFO  org.mongodb.driver.connection - Opened connection [connectionId{localValue:1, serverValue:43}] to localhost:27017
2018-09-18 11:14:08.289  [cluster-ClusterId{value='5ba0c1e05517c92fc4245df6', description='null'}-localhost:27017] INFO  org.mongodb.driver.cluster - Monitor thread successfully connected to server with description ServerDescription{address=localhost:27017, type=STANDALONE, state=CONNECTED, ok=true, version=ServerVersion{versionList=[4, 0, 2]}, minWireVersion=0, maxWireVersion=7, maxDocumentSize=16777216, logicalSessionTimeoutMinutes=30, roundTripTimeNanos=2951800}
2018-09-18 11:14:08.303  [main] INFO  org.mongodb.driver.connection - Opened connection [connectionId{localValue:2, serverValue:44}] to localhost:27017
2018-09-18 11:14:08.349  [main] INFO  org.mongodb.driver.connection - Closed connection [connectionId{localValue:2, serverValue:44}] to localhost:27017 because the pool has been closed.
2018-09-18 11:14:08.352  [main] INFO  org.mongodb.driver.cluster - Cluster created with settings {hosts=[localhost:27017], mode=SINGLE, requiredClusterType=UNKNOWN, serverSelectionTimeout='30000 ms', maxWaitQueueSize=500}
2018-09-18 11:14:08.360  [main] INFO  org.mongodb.driver.cluster - Cluster description not yet available. Waiting for 30000 ms before timing out
2018-09-18 11:14:08.373  [cluster-ClusterId{value='5ba0c1e05517c92fc4245df7', description='null'}-localhost:27017] INFO  org.mongodb.driver.connection - Opened connection [connectionId{localValue:3, serverValue:45}] to localhost:27017
2018-09-18 11:14:08.375  [cluster-ClusterId{value='5ba0c1e05517c92fc4245df7', description='null'}-localhost:27017] INFO  org.mongodb.driver.cluster - Monitor thread successfully connected to server with description ServerDescription{address=localhost:27017, type=STANDALONE, state=CONNECTED, ok=true, version=ServerVersion{versionList=[4, 0, 2]}, minWireVersion=0, maxWireVersion=7, maxDocumentSize=16777216, logicalSessionTimeoutMinutes=30, roundTripTimeNanos=1189300}
2018-09-18 11:14:08.382  [main] INFO  org.mongodb.driver.connection - Opened connection [connectionId{localValue:4, serverValue:46}] to localhost:27017
2018-09-18 11:14:08.488  [main] INFO  org.mongodb.driver.connection - Closed connection [connectionId{localValue:4, serverValue:46}] to localhost:27017 because the pool has been closed.
2018-09-18 11:14:21.786  [main] INFO  org.mongodb.driver.cluster - Cluster created with settings {hosts=[localhost:27017], mode=SINGLE, requiredClusterType=UNKNOWN, serverSelectionTimeout='30000 ms', maxWaitQueueSize=500}
2018-09-18 11:14:21.854  [main] INFO  org.mongodb.driver.cluster - Cluster description not yet available. Waiting for 30000 ms before timing out
2018-09-18 11:14:21.922  [cluster-ClusterId{value='5ba0c1ed5517c91980e38278', description='null'}-localhost:27017] INFO  org.mongodb.driver.connection - Opened connection [connectionId{localValue:1, serverValue:47}] to localhost:27017
2018-09-18 11:14:21.928  [cluster-ClusterId{value='5ba0c1ed5517c91980e38278', description='null'}-localhost:27017] INFO  org.mongodb.driver.cluster - Monitor thread successfully connected to server with description ServerDescription{address=localhost:27017, type=STANDALONE, state=CONNECTED, ok=true, version=ServerVersion{versionList=[4, 0, 2]}, minWireVersion=0, maxWireVersion=7, maxDocumentSize=16777216, logicalSessionTimeoutMinutes=30, roundTripTimeNanos=3916700}
2018-09-18 11:14:21.947  [main] INFO  org.mongodb.driver.connection - Opened connection [connectionId{localValue:2, serverValue:48}] to localhost:27017
2018-09-18 11:14:22.145  [main] INFO  org.mongodb.driver.connection - Closed connection [connectionId{localValue:2, serverValue:48}] to localhost:27017 because the pool has been closed.
2018-09-18 11:28:53.296  [main] INFO  org.mongodb.driver.cluster - Cluster created with settings {hosts=[host:27017], mode=SINGLE, requiredClusterType=UNKNOWN, serverSelectionTimeout='30000 ms', maxWaitQueueSize=500}
2018-09-18 11:28:53.350  [main] INFO  org.mongodb.driver.cluster - Cluster description not yet available. Waiting for 30000 ms before timing out
2018-09-18 11:28:55.640  [cluster-ClusterId{value='5ba0c5555517c93de09372bd', description='null'}-host:27017] INFO  org.mongodb.driver.cluster - Exception in monitor thread while connecting to server host:27017
com.mongodb.MongoSocketException: host
	at com.mongodb.ServerAddress.getSocketAddress(ServerAddress.java:188) ~[mongodb-driver-core-3.8.1.jar:?]
	at com.mongodb.internal.connection.SocketStreamHelper.initialize(SocketStreamHelper.java:64) ~[mongodb-driver-core-3.8.1.jar:?]
	at com.mongodb.internal.connection.SocketChannelStream.open(SocketChannelStream.java:57) ~[mongodb-driver-core-3.8.1.jar:?]
	at com.mongodb.internal.connection.InternalStreamConnection.open(InternalStreamConnection.java:126) ~[mongodb-driver-core-3.8.1.jar:?]
	at com.mongodb.internal.connection.DefaultServerMonitor$ServerMonitorRunnable.run(DefaultServerMonitor.java:117) [mongodb-driver-core-3.8.1.jar:?]
	at java.lang.Thread.run(Thread.java:748) [?:1.8.0_162]
Caused by: java.net.UnknownHostException: host
	at java.net.Inet6AddressImpl.lookupAllHostAddr(Native Method) ~[?:1.8.0_162]
	at java.net.InetAddress$2.lookupAllHostAddr(InetAddress.java:928) ~[?:1.8.0_162]
	at java.net.InetAddress.getAddressesFromNameService(InetAddress.java:1323) ~[?:1.8.0_162]
	at java.net.InetAddress.getAllByName0(InetAddress.java:1276) ~[?:1.8.0_162]
	at java.net.InetAddress.getAllByName(InetAddress.java:1192) ~[?:1.8.0_162]
	at java.net.InetAddress.getAllByName(InetAddress.java:1126) ~[?:1.8.0_162]
	at java.net.InetAddress.getByName(InetAddress.java:1076) ~[?:1.8.0_162]
	at com.mongodb.ServerAddress.getSocketAddress(ServerAddress.java:186) ~[mongodb-driver-core-3.8.1.jar:?]
	... 5 more
2018-09-18 11:29:29.504  [main] INFO  org.mongodb.driver.cluster - Cluster created with settings {hosts=[localhost:27017], mode=SINGLE, requiredClusterType=UNKNOWN, serverSelectionTimeout='30000 ms', maxWaitQueueSize=500}
2018-09-18 11:29:29.556  [main] INFO  org.mongodb.driver.cluster - Cluster description not yet available. Waiting for 30000 ms before timing out
2018-09-18 11:29:29.605  [cluster-ClusterId{value='5ba0c5795517c926d85bce52', description='null'}-localhost:27017] INFO  org.mongodb.driver.connection - Opened connection [connectionId{localValue:1, serverValue:49}] to localhost:27017
2018-09-18 11:29:29.610  [cluster-ClusterId{value='5ba0c5795517c926d85bce52', description='null'}-localhost:27017] INFO  org.mongodb.driver.cluster - Monitor thread successfully connected to server with description ServerDescription{address=localhost:27017, type=STANDALONE, state=CONNECTED, ok=true, version=ServerVersion{versionList=[4, 0, 2]}, minWireVersion=0, maxWireVersion=7, maxDocumentSize=16777216, logicalSessionTimeoutMinutes=30, roundTripTimeNanos=3213700}
2018-09-18 11:29:29.634  [main] INFO  org.mongodb.driver.connection - Opened connection [connectionId{localValue:2, serverValue:50}] to localhost:27017
2018-09-18 11:29:29.778  [main] INFO  org.mongodb.driver.connection - Closed connection [connectionId{localValue:2, serverValue:50}] to localhost:27017 because the pool has been closed.
