2018-09-20 14:38:15.301  [grizzly-http-server-0] INFO  fr.axonic.jf.bus.services.JustificationBusServiceImplementation - Received 2 supports.
2018-09-20 14:38:15.312  [grizzly-http-server-0] INFO  fr.axonic.jf.bus.services.StepBuilder - Acknowledge support "DOC", version "null"
2018-09-20 14:38:15.393  [grizzly-http-server-0] INFO  fr.axonic.jf.bus.services.StepBuilder - Acknowledge support "DOC_APPROVAL", version "null"
2018-09-20 14:38:15.501  [main] INFO  fr.axonic.jf.bus.services.StepBuilder - Acknowledge support "SWAM_ST_0001", version "A"
2018-09-20 14:38:15.508  [main] INFO  fr.axonic.jf.bus.services.StepBuilder - 0 patterns can be built with the 1 known supports ([])
2018-09-20 14:38:15.510  [main] INFO  fr.axonic.jf.bus.services.StepBuilder - Acknowledge support "SWAM_CTR_0001", version "A"
2018-09-20 14:38:15.511  [main] INFO  fr.axonic.jf.bus.services.StepBuilder - 0 patterns can be built with the 1 known supports ([])
2018-09-20 14:38:15.511  [main] INFO  fr.axonic.jf.bus.services.StepBuilder - Acknowledge support "SWAM_CTR_0001_APPROVAL", version "A"
2018-09-20 14:38:15.512  [main] INFO  fr.axonic.jf.bus.services.StepBuilder - 0 patterns can be built with the 2 known supports ([])
2018-09-20 14:38:15.514  [main] INFO  fr.axonic.jf.bus.services.StepBuilder - Acknowledge support "SWAM_ST_0001", version "A"
2018-09-20 14:38:15.515  [main] INFO  fr.axonic.jf.bus.services.StepBuilder - 0 patterns can be built with the 1 known supports ([])
2018-09-20 14:38:15.516  [main] INFO  fr.axonic.jf.bus.services.StepBuilder - Acknowledge support "SWAM_ST_0001_APPROVAL", version "A"
2018-09-20 14:38:15.524  [main] INFO  fr.axonic.jf.bus.services.StepBuilder - 1 patterns can be built with the 2 known supports ([Validation of SWAM_ST_0001])
2018-09-20 14:38:15.537  [main] INFO  fr.axonic.jf.engine.JustificationSystem - Supports : [Support{id='18ca13fd17f3421996a82bf86b3753ec', name='SWAM_ST_0001', element=Document{url=http://aurl.com/SWAM_ST_0001}}, Support{id='f4a2114a678a484c9c09a295d6a4788c', name='SWAM_ST_0001_APPROVAL', element=Document{url=http://aurl.com/SWAM_ST_0001_APPROVAL}}]
2018-09-20 14:38:15.538  [main] INFO  fr.axonic.jf.engine.JustificationSystem - Conclusion : Support{id='b9bc8e54c83d4162a17886344c4f56df', name='SWAM_ST_0001 validated', element=Document{url=http://aurl.com/SWAM_ST_0001}, restrictions=[]}
2018-09-20 14:38:15.539  [main] INFO  fr.axonic.jf.bus.services.StepBuilder - Step SWAM_ST_0001_VALIDATION has been built
2018-09-20 14:38:15.547  [main] INFO  fr.axonic.jf.bus.services.StepBuilder - 0 patterns can be built with the 2 known supports ([])
2018-09-20 14:38:15.550  [main] INFO  fr.axonic.jf.bus.services.StepBuilder - Acknowledge support "SWAM_ST_0001_APPROVAL", version "B"
2018-09-20 14:38:15.557  [main] INFO  fr.axonic.jf.bus.services.StepBuilder - 0 patterns can be built with the 3 known supports ([])
2018-09-20 14:38:15.561  [main] INFO  fr.axonic.jf.bus.services.StepBuilder - Acknowledge support "SWAM_ST_0002", version "A"
2018-09-20 14:38:15.561  [main] INFO  fr.axonic.jf.bus.services.StepBuilder - 0 patterns can be built with the 1 known supports ([])
2018-09-20 14:38:15.562  [main] INFO  fr.axonic.jf.bus.services.StepBuilder - Acknowledge support "SWAM_ST_0002_APPROVAL", version "A"
2018-09-20 14:38:15.563  [main] INFO  fr.axonic.jf.bus.services.StepBuilder - 0 patterns can be built with the 2 known supports ([])
2018-09-20 14:38:15.565  [main] INFO  fr.axonic.jf.bus.services.StepBuilder - Acknowledge support "SWAM_ST_0001", version "A"
2018-09-20 14:38:15.568  [main] INFO  fr.axonic.jf.bus.services.StepBuilder - 0 patterns can be built with the 1 known supports ([])
2018-09-20 14:38:15.570  [main] INFO  fr.axonic.jf.bus.services.StepBuilder - Acknowledge support "SWAM_ST_0001_APPROVAL", version "A"
2018-09-20 14:38:15.574  [main] INFO  fr.axonic.jf.bus.services.StepBuilder - 1 patterns can be built with the 2 known supports ([Validation of SWAM_ST_0001])
2018-09-20 14:38:15.577  [main] INFO  fr.axonic.jf.engine.JustificationSystem - Supports : [Support{id='65b3095bd79645d0876b49d70b076cea', name='SWAM_ST_0001', element=Document{url=http://aurl.com/SWAM_ST_0001}}, Support{id='f09b5df892c447399d791a456282d6a3', name='SWAM_ST_0001_APPROVAL', element=Document{url=http://aurl.com/SWAM_ST_0001_APPROVAL}}]
2018-09-20 14:38:15.578  [main] INFO  fr.axonic.jf.engine.JustificationSystem - Conclusion : Support{id='aac6f57b9996494e8118bacbdbed4f78', name='SWAM_ST_0001 validated', element=Document{url=http://aurl.com/SWAM_ST_0001}, restrictions=[]}
2018-09-20 14:38:15.579  [main] INFO  fr.axonic.jf.bus.services.StepBuilder - Step SWAM_ST_0001_VALIDATION has been built
2018-09-20 14:38:15.581  [main] INFO  fr.axonic.jf.bus.services.StepBuilder - 0 patterns can be built with the 2 known supports ([])
2018-09-20 14:38:15.583  [main] INFO  fr.axonic.jf.bus.services.StepBuilder - Acknowledge support "SWAM_ST_0001", version "A"
2018-09-20 14:38:15.585  [main] INFO  fr.axonic.jf.bus.services.StepBuilder - 0 patterns can be built with the 3 known supports ([])
2018-09-20 14:38:15.585  [main] INFO  fr.axonic.jf.bus.services.StepBuilder - Acknowledge support "SWAM_ST_0001_APPROVAL", version "A"
2018-09-20 14:38:15.586  [main] INFO  fr.axonic.jf.bus.services.StepBuilder - 0 patterns can be built with the 4 known supports ([])
2018-09-20 14:38:15.587  [main] INFO  fr.axonic.jf.bus.services.StepBuilder - Acknowledge support "SWAM_ST_0002", version "A"
2018-09-20 14:38:15.588  [main] INFO  fr.axonic.jf.bus.services.StepBuilder - 0 patterns can be built with the 1 known supports ([])
2018-09-20 14:38:15.589  [main] INFO  fr.axonic.jf.bus.services.StepBuilder - Acknowledge support "SWAM_ST_0002_APPROVAL", version "A"
2018-09-20 14:38:15.590  [main] INFO  fr.axonic.jf.bus.services.StepBuilder - 0 patterns can be built with the 2 known supports ([])
2018-09-20 14:38:15.591  [main] INFO  fr.axonic.jf.bus.services.StepBuilder - Acknowledge support "SWAM_ST_0001", version "A"
2018-09-20 14:38:15.594  [main] INFO  fr.axonic.jf.bus.services.StepBuilder - 0 patterns can be built with the 3 known supports ([])
2018-09-20 14:38:15.594  [main] INFO  fr.axonic.jf.bus.services.StepBuilder - Acknowledge support "SWAM_ST_0001_APPROVAL", version "A"
2018-09-20 14:38:15.596  [main] INFO  fr.axonic.jf.bus.services.StepBuilder - 1 patterns can be built with the 4 known supports ([Validation of SWAM_ST_0001])
2018-09-20 14:38:15.598  [main] INFO  fr.axonic.jf.engine.JustificationSystem - Supports : [Support{id='e77fdece77884d7d996bc65135903eef', name='SWAM_ST_0001', element=Document{url=http://aurl.com/SWAM_ST_0001}}, Support{id='41f6ba22793d49fe9f94cfebc60b4ef7', name='SWAM_ST_0001_APPROVAL', element=Document{url=http://aurl.com/SWAM_ST_0001_APPROVAL}}]
2018-09-20 14:38:15.600  [main] INFO  fr.axonic.jf.engine.JustificationSystem - Conclusion : Support{id='aba4dde7f1f347d6a149be60d6ea2173', name='SWAM_ST_0001 validated', element=Document{url=http://aurl.com/SWAM_ST_0001}, restrictions=[]}
2018-09-20 14:38:15.601  [main] INFO  fr.axonic.jf.bus.services.StepBuilder - Step SWAM_ST_0001_VALIDATION has been built
2018-09-20 14:38:15.604  [main] INFO  fr.axonic.jf.bus.services.StepBuilder - 1 patterns can be built with the 4 known supports ([Validation of SWAM_ST_0002])
2018-09-20 14:38:15.607  [main] INFO  fr.axonic.jf.engine.JustificationSystem - Missing supports. Trying to autofill
2018-09-20 14:38:15.609  [main] INFO  fr.axonic.jf.engine.pattern.Pattern - [SupportType{type='Type{classType=class fr.axonic.jf.instance.redmine.RedmineConclusion, nameType='SWAM_ST_0001 validated'}}]
2018-09-20 14:38:15.609  [main] INFO  fr.axonic.jf.engine.JustificationSystem - Found [SupportType{type='Type{classType=class fr.axonic.jf.instance.redmine.RedmineConclusion, nameType='SWAM_ST_0001 validated'}}] to fill
2018-09-20 14:38:15.610  [main] INFO  fr.axonic.jf.engine.JustificationSystem - [Support{id='aba4dde7f1f347d6a149be60d6ea2173', name='SWAM_ST_0001 validated', element=Document{url=http://aurl.com/SWAM_ST_0001}, restrictions=[]}]
2018-09-20 14:38:15.610  [main] INFO  fr.axonic.jf.engine.JustificationSystem - Found [Support{id='aba4dde7f1f347d6a149be60d6ea2173', name='SWAM_ST_0001 validated', element=Document{url=http://aurl.com/SWAM_ST_0001}, restrictions=[]}]. Add them to supports
2018-09-20 14:38:15.611  [main] INFO  fr.axonic.jf.engine.JustificationSystem - Supports : [Support{id='8cbffa54e5d0421583c1de1db9e402c1', name='SWAM_ST_0002', element=Document{url=http://aurl.com/SWAM_ST_0002}}, Support{id='142dde103e174dce86689cec3e62b11c', name='SWAM_ST_0002_APPROVAL', element=Document{url=http://aurl.com/SWAM_ST_0002_APPROVAL}}, Support{id='aba4dde7f1f347d6a149be60d6ea2173', name='SWAM_ST_0001 validated', element=Document{url=http://aurl.com/SWAM_ST_0001}, restrictions=[]}]
2018-09-20 14:38:15.611  [main] INFO  fr.axonic.jf.engine.JustificationSystem - Conclusion : Support{id='e03eaa4141a6487ea009bd6339400203', name='SWAM_ST_0002 validated', element=Document{url=http://aurl.com/SWAM_ST_0002}, restrictions=[]}
2018-09-20 14:38:15.612  [main] INFO  fr.axonic.jf.bus.services.StepBuilder - Step SWAM_ST_0002_VALIDATION has been built
2018-09-20 14:38:15.616  [main] INFO  fr.axonic.jf.bus.services.StepBuilder - 0 patterns can be built with the 4 known supports ([])
2018-09-20 14:38:15.619  [main] INFO  fr.axonic.jf.bus.services.StepBuilder - Acknowledge support "SWAM_ST_0001", version "A"
2018-09-20 14:38:15.620  [main] INFO  fr.axonic.jf.bus.services.StepBuilder - 0 patterns can be built with the 1 known supports ([])
2018-09-20 14:38:15.621  [main] INFO  fr.axonic.jf.bus.services.StepBuilder - Acknowledge support "SWAM_ST_0001_APPROVAL", version "A"
2018-09-20 14:38:15.622  [main] INFO  fr.axonic.jf.bus.services.StepBuilder - 1 patterns can be built with the 2 known supports ([Validation of SWAM_ST_0001])
2018-09-20 14:38:15.623  [main] INFO  fr.axonic.jf.engine.JustificationSystem - Supports : [Support{id='c39ce1a7eb0d4e1f97b2dce6a14be280', name='SWAM_ST_0001', element=Document{url=http://aurl.com/SWAM_ST_0001}}, Support{id='5f0e85a74a9c4d1283b170844d594c0a', name='SWAM_ST_0001_APPROVAL', element=Document{url=http://aurl.com/SWAM_ST_0001_APPROVAL}}]
2018-09-20 14:38:15.624  [main] INFO  fr.axonic.jf.engine.JustificationSystem - Conclusion : Support{id='0d755eaa8b234a1bb276d79b8e0ad0b3', name='SWAM_ST_0001 validated', element=Document{url=http://aurl.com/SWAM_ST_0001}, restrictions=[]}
2018-09-20 14:38:15.624  [main] INFO  fr.axonic.jf.bus.services.StepBuilder - Step SWAM_ST_0001_VALIDATION has been built
2018-09-20 14:38:15.625  [main] INFO  fr.axonic.jf.bus.services.StepBuilder - 0 patterns can be built with the 2 known supports ([])
2018-09-20 14:38:15.625  [main] INFO  fr.axonic.jf.bus.services.StepBuilder - Acknowledge support "SWAM_ST_0001", version "B"
2018-09-20 14:38:15.626  [main] INFO  fr.axonic.jf.bus.services.StepBuilder - 0 patterns can be built with the 3 known supports ([])
2018-09-20 14:38:15.627  [main] INFO  fr.axonic.jf.bus.services.StepBuilder - Acknowledge support "SWAM_ST_0001_APPROVAL", version "B"
2018-09-20 14:38:15.628  [main] INFO  fr.axonic.jf.bus.services.StepBuilder - 1 patterns can be built with the 4 known supports ([Validation of SWAM_ST_0001])
2018-09-20 14:38:15.630  [main] INFO  fr.axonic.jf.bus.services.StepBuilder - Step SWAM_ST_0001_VALIDATION has been built
2018-09-20 14:38:15.637  [main] INFO  fr.axonic.jf.bus.services.StepBuilder - 0 patterns can be built with the 4 known supports ([])
2018-09-20 14:38:15.640  [main] INFO  fr.axonic.jf.bus.services.StepBuilder - Acknowledge support "SWAM_ST_0001", version "C"
2018-09-20 14:38:15.645  [main] INFO  fr.axonic.jf.bus.services.StepBuilder - 0 patterns can be built with the 5 known supports ([])
2018-09-20 14:38:15.645  [main] INFO  fr.axonic.jf.bus.services.StepBuilder - Acknowledge support "SWAM_ST_0001_APPROVAL", version "C"
2018-09-20 14:38:15.646  [main] INFO  fr.axonic.jf.bus.services.StepBuilder - 1 patterns can be built with the 6 known supports ([Validation of SWAM_ST_0001])
2018-09-20 14:38:15.650  [main] INFO  fr.axonic.jf.bus.services.StepBuilder - Step SWAM_ST_0001_VALIDATION has been built
2018-09-20 14:38:15.653  [main] INFO  fr.axonic.jf.bus.services.StepBuilder - 0 patterns can be built with the 4 known supports ([])
2018-09-20 14:38:15.657  [main] INFO  fr.axonic.jf.bus.services.StepBuilder - Acknowledge support "SWAM_ST_0001", version "A"
2018-09-20 14:38:15.658  [main] INFO  fr.axonic.jf.bus.services.StepBuilder - 0 patterns can be built with the 1 known supports ([])
2018-09-20 14:38:15.659  [main] INFO  fr.axonic.jf.bus.services.StepBuilder - Acknowledge support "SWAM_ST_0001_APPROVAL", version "A"
2018-09-20 14:38:15.659  [main] INFO  fr.axonic.jf.bus.services.StepBuilder - 1 patterns can be built with the 2 known supports ([Validation of SWAM_ST_0001])
2018-09-20 14:38:15.660  [main] INFO  fr.axonic.jf.engine.JustificationSystem - Supports : [Support{id='ae59203de2a24a6baa1d61d1cff0f4ef', name='SWAM_ST_0001', element=Document{url=http://aurl.com/SWAM_ST_0001}}, Support{id='783e73751273402ba3b795899b8402dc', name='SWAM_ST_0001_APPROVAL', element=Document{url=http://aurl.com/SWAM_ST_0001_APPROVAL}}]
2018-09-20 14:38:15.660  [main] INFO  fr.axonic.jf.engine.JustificationSystem - Conclusion : Support{id='3f6ccd357834426ea3399b7df3da410d', name='SWAM_ST_0001 validated', element=Document{url=http://aurl.com/SWAM_ST_0001}, restrictions=[]}
2018-09-20 14:38:15.661  [main] INFO  fr.axonic.jf.bus.services.StepBuilder - Step SWAM_ST_0001_VALIDATION has been built
2018-09-20 14:38:15.661  [main] INFO  fr.axonic.jf.bus.services.StepBuilder - 0 patterns can be built with the 2 known supports ([])
2018-09-20 14:38:15.662  [main] INFO  fr.axonic.jf.bus.services.StepBuilder - Acknowledge support "SWAM_ST_0001", version "B"
2018-09-20 14:38:15.663  [main] INFO  fr.axonic.jf.bus.services.StepBuilder - 0 patterns can be built with the 3 known supports ([])
2018-09-20 14:38:15.664  [main] INFO  fr.axonic.jf.bus.services.StepBuilder - Acknowledge support "SWAM_ST_0001_APPROVAL", version "B"
2018-09-20 14:38:15.665  [main] INFO  fr.axonic.jf.bus.services.StepBuilder - 1 patterns can be built with the 4 known supports ([Validation of SWAM_ST_0001])
2018-09-20 14:38:15.668  [main] INFO  fr.axonic.jf.bus.services.StepBuilder - Step SWAM_ST_0001_VALIDATION has been built
2018-09-20 14:38:15.671  [main] INFO  fr.axonic.jf.bus.services.StepBuilder - 0 patterns can be built with the 4 known supports ([])
2018-09-20 14:38:15.674  [main] INFO  fr.axonic.jf.bus.services.StepBuilder - Acknowledge support "SWAM_ST_0000", version "A"
2018-09-20 14:38:15.675  [main] INFO  fr.axonic.jf.bus.services.StepBuilder - 0 patterns can be built with the 1 known supports ([])
2018-09-20 14:38:15.676  [main] INFO  fr.axonic.jf.bus.services.StepBuilder - Acknowledge support "SWAM_ST_0000_APPROVAL", version "A"
2018-09-20 14:38:15.676  [main] INFO  fr.axonic.jf.bus.services.StepBuilder - 0 patterns can be built with the 2 known supports ([])
2018-09-20 14:38:15.677  [main] INFO  fr.axonic.jf.bus.services.StepBuilder - Acknowledge support "SWAM_ST_0001", version "A"
2018-09-20 14:38:15.677  [main] INFO  fr.axonic.jf.bus.services.StepBuilder - 0 patterns can be built with the 3 known supports ([])
2018-09-20 14:38:15.678  [main] INFO  fr.axonic.jf.bus.services.StepBuilder - Acknowledge support "SWAM_ST_0001_APPROVAL", version "A"
2018-09-20 14:38:15.679  [main] INFO  fr.axonic.jf.bus.services.StepBuilder - 1 patterns can be built with the 4 known supports ([Validation of SWAM_ST_0001])
2018-09-20 14:38:15.679  [main] INFO  fr.axonic.jf.engine.JustificationSystem - Supports : [Support{id='09bfdbe6af404fe88b37dc99dee096ad', name='SWAM_ST_0001', element=Document{url=http://aurl.com/SWAM_ST_0001}}, Support{id='0dcad97689e64f8f87ab4bc9ce51c1dc', name='SWAM_ST_0001_APPROVAL', element=Document{url=http://aurl.com/SWAM_ST_0001_APPROVAL}}]
2018-09-20 14:38:15.680  [main] INFO  fr.axonic.jf.engine.JustificationSystem - Conclusion : Support{id='42e8974315c84b7fab10890a48fb88f2', name='SWAM_ST_0001 validated', element=Document{url=http://aurl.com/SWAM_ST_0001}, restrictions=[]}
2018-09-20 14:38:15.680  [main] INFO  fr.axonic.jf.bus.services.StepBuilder - Step SWAM_ST_0001_VALIDATION has been built
2018-09-20 14:38:15.681  [main] INFO  fr.axonic.jf.bus.services.StepBuilder - 0 patterns can be built with the 4 known supports ([])
2018-09-20 14:38:15.682  [main] INFO  fr.axonic.jf.bus.services.StepBuilder - Acknowledge support "SWAM_ST_0002", version "A"
2018-09-20 14:38:15.682  [main] INFO  fr.axonic.jf.bus.services.StepBuilder - 0 patterns can be built with the 5 known supports ([])
2018-09-20 14:38:15.683  [main] INFO  fr.axonic.jf.bus.services.StepBuilder - Acknowledge support "SWAM_ST_0002_APPROVAL", version "A"
2018-09-20 14:38:15.684  [main] INFO  fr.axonic.jf.bus.services.StepBuilder - 1 patterns can be built with the 6 known supports ([Validation of SWAM_ST_0002])
2018-09-20 14:38:15.684  [main] INFO  fr.axonic.jf.engine.JustificationSystem - Missing supports. Trying to autofill
2018-09-20 14:38:15.685  [main] INFO  fr.axonic.jf.engine.pattern.Pattern - [SupportType{type='Type{classType=class fr.axonic.jf.instance.redmine.RedmineConclusion, nameType='SWAM_ST_0001 validated'}}]
2018-09-20 14:38:15.685  [main] INFO  fr.axonic.jf.engine.JustificationSystem - Found [SupportType{type='Type{classType=class fr.axonic.jf.instance.redmine.RedmineConclusion, nameType='SWAM_ST_0001 validated'}}] to fill
2018-09-20 14:38:15.685  [main] INFO  fr.axonic.jf.engine.JustificationSystem - [Support{id='42e8974315c84b7fab10890a48fb88f2', name='SWAM_ST_0001 validated', element=Document{url=http://aurl.com/SWAM_ST_0001}, restrictions=[]}]
2018-09-20 14:38:15.686  [main] INFO  fr.axonic.jf.engine.JustificationSystem - Found [Support{id='42e8974315c84b7fab10890a48fb88f2', name='SWAM_ST_0001 validated', element=Document{url=http://aurl.com/SWAM_ST_0001}, restrictions=[]}]. Add them to supports
2018-09-20 14:38:15.686  [main] INFO  fr.axonic.jf.engine.JustificationSystem - Supports : [Support{id='972811e3003e44e0be6573ecfcd4e942', name='SWAM_ST_0002', element=Document{url=http://aurl.com/SWAM_ST_0002}}, Support{id='033d69c423c64f0584b026bfb34bec31', name='SWAM_ST_0002_APPROVAL', element=Document{url=http://aurl.com/SWAM_ST_0002_APPROVAL}}, Support{id='42e8974315c84b7fab10890a48fb88f2', name='SWAM_ST_0001 validated', element=Document{url=http://aurl.com/SWAM_ST_0001}, restrictions=[]}]
2018-09-20 14:38:15.686  [main] INFO  fr.axonic.jf.engine.JustificationSystem - Conclusion : Support{id='5736e5b2feae4ccea3855da4b641c0a6', name='SWAM_ST_0002 validated', element=Document{url=http://aurl.com/SWAM_ST_0002}, restrictions=[]}
2018-09-20 14:38:15.687  [main] INFO  fr.axonic.jf.bus.services.StepBuilder - Step SWAM_ST_0002_VALIDATION has been built
2018-09-20 14:38:15.687  [main] INFO  fr.axonic.jf.bus.services.StepBuilder - 0 patterns can be built with the 6 known supports ([])
2018-09-20 14:38:15.688  [main] INFO  fr.axonic.jf.bus.services.StepBuilder - Acknowledge support "SWAM_ST_0003", version "A"
2018-09-20 14:38:15.689  [main] INFO  fr.axonic.jf.bus.services.StepBuilder - 0 patterns can be built with the 7 known supports ([])
2018-09-20 14:38:15.689  [main] INFO  fr.axonic.jf.bus.services.StepBuilder - Acknowledge support "SWAM_ST_0003_APPROVAL", version "A"
2018-09-20 14:38:15.690  [main] INFO  fr.axonic.jf.bus.services.StepBuilder - 1 patterns can be built with the 8 known supports ([Validation of SWAM_ST_0003])
2018-09-20 14:38:15.690  [main] INFO  fr.axonic.jf.engine.JustificationSystem - Missing supports. Trying to autofill
2018-09-20 14:38:15.691  [main] INFO  fr.axonic.jf.engine.pattern.Pattern - [SupportType{type='Type{classType=class fr.axonic.jf.instance.redmine.RedmineConclusion, nameType='SWAM_ST_0001 validated'}}]
2018-09-20 14:38:15.691  [main] INFO  fr.axonic.jf.engine.JustificationSystem - Found [SupportType{type='Type{classType=class fr.axonic.jf.instance.redmine.RedmineConclusion, nameType='SWAM_ST_0001 validated'}}] to fill
2018-09-20 14:38:15.691  [main] INFO  fr.axonic.jf.engine.JustificationSystem - [Support{id='42e8974315c84b7fab10890a48fb88f2', name='SWAM_ST_0001 validated', element=Document{url=http://aurl.com/SWAM_ST_0001}, restrictions=[]}]
2018-09-20 14:38:15.691  [main] INFO  fr.axonic.jf.engine.JustificationSystem - Found [Support{id='42e8974315c84b7fab10890a48fb88f2', name='SWAM_ST_0001 validated', element=Document{url=http://aurl.com/SWAM_ST_0001}, restrictions=[]}]. Add them to supports
2018-09-20 14:38:15.692  [main] INFO  fr.axonic.jf.engine.JustificationSystem - Supports : [Support{id='82fea2586572469fbf7bb23eeb729546', name='SWAM_ST_0003', element=Document{url=http://aurl.com/SWAM_ST_0003}}, Support{id='79732190946f4945be002b9c21008df0', name='SWAM_ST_0003_APPROVAL', element=Document{url=http://aurl.com/SWAM_ST_0003_APPROVAL}}, Support{id='42e8974315c84b7fab10890a48fb88f2', name='SWAM_ST_0001 validated', element=Document{url=http://aurl.com/SWAM_ST_0001}, restrictions=[]}]
2018-09-20 14:38:15.693  [main] INFO  fr.axonic.jf.engine.JustificationSystem - Conclusion : Support{id='7b1dd30189bb46b9abbbdb4b912fd284', name='SWAM_ST_0003 validated', element=Document{url=http://aurl.com/SWAM_ST_0003}, restrictions=[]}
2018-09-20 14:38:15.693  [main] INFO  fr.axonic.jf.bus.services.StepBuilder - Step SWAM_ST_0003_VALIDATION has been built
2018-09-20 14:38:15.694  [main] INFO  fr.axonic.jf.bus.services.StepBuilder - 0 patterns can be built with the 8 known supports ([])
2018-09-20 14:38:15.695  [main] INFO  fr.axonic.jf.bus.services.StepBuilder - Acknowledge support "SWAM_ST_0004", version "A"
2018-09-20 14:38:15.696  [main] INFO  fr.axonic.jf.bus.services.StepBuilder - 0 patterns can be built with the 9 known supports ([])
2018-09-20 14:38:15.697  [main] INFO  fr.axonic.jf.bus.services.StepBuilder - Acknowledge support "SWAM_ST_0004_APPROVAL", version "A"
2018-09-20 14:38:15.698  [main] INFO  fr.axonic.jf.bus.services.StepBuilder - 1 patterns can be built with the 10 known supports ([Validation of SWAM_ST_0004])
2018-09-20 14:38:15.699  [main] INFO  fr.axonic.jf.engine.JustificationSystem - Missing supports. Trying to autofill
2018-09-20 14:38:15.699  [main] INFO  fr.axonic.jf.engine.pattern.Pattern - [SupportType{type='Type{classType=class fr.axonic.jf.instance.redmine.RedmineConclusion, nameType='SWAM_ST_0001 validated'}}]
2018-09-20 14:38:15.700  [main] INFO  fr.axonic.jf.engine.JustificationSystem - Found [SupportType{type='Type{classType=class fr.axonic.jf.instance.redmine.RedmineConclusion, nameType='SWAM_ST_0001 validated'}}] to fill
2018-09-20 14:38:15.700  [main] INFO  fr.axonic.jf.engine.JustificationSystem - [Support{id='42e8974315c84b7fab10890a48fb88f2', name='SWAM_ST_0001 validated', element=Document{url=http://aurl.com/SWAM_ST_0001}, restrictions=[]}]
2018-09-20 14:38:15.700  [main] INFO  fr.axonic.jf.engine.JustificationSystem - Found [Support{id='42e8974315c84b7fab10890a48fb88f2', name='SWAM_ST_0001 validated', element=Document{url=http://aurl.com/SWAM_ST_0001}, restrictions=[]}]. Add them to supports
2018-09-20 14:38:15.701  [main] INFO  fr.axonic.jf.engine.JustificationSystem - Supports : [Support{id='4a7bac24a7bc4721aff0eec8c3c16a90', name='SWAM_ST_0004', element=Document{url=http://aurl.com/SWAM_ST_0004}}, Support{id='6e963e88642e400a83e1247f6825be6b', name='SWAM_ST_0004_APPROVAL', element=Document{url=http://aurl.com/SWAM_ST_0004_APPROVAL}}, Support{id='42e8974315c84b7fab10890a48fb88f2', name='SWAM_ST_0001 validated', element=Document{url=http://aurl.com/SWAM_ST_0001}, restrictions=[]}]
2018-09-20 14:38:15.701  [main] INFO  fr.axonic.jf.engine.JustificationSystem - Conclusion : Support{id='ad4e665ce05d430ca545411bcb1c1f1b', name='SWAM_ST_0004 validated', element=Document{url=http://aurl.com/SWAM_ST_0004}, restrictions=[]}
2018-09-20 14:38:15.701  [main] INFO  fr.axonic.jf.bus.services.StepBuilder - Step SWAM_ST_0004_VALIDATION has been built
2018-09-20 14:38:15.703  [main] INFO  fr.axonic.jf.bus.services.StepBuilder - 0 patterns can be built with the 10 known supports ([])
2018-09-20 14:38:15.703  [main] INFO  fr.axonic.jf.bus.services.StepBuilder - Acknowledge support "SWAM_ST_0005", version "A"
2018-09-20 14:38:15.704  [main] INFO  fr.axonic.jf.bus.services.StepBuilder - 0 patterns can be built with the 11 known supports ([])
2018-09-20 14:38:15.705  [main] INFO  fr.axonic.jf.bus.services.StepBuilder - Acknowledge support "SWAM_ST_0005_APPROVAL", version "A"
2018-09-20 14:38:15.706  [main] INFO  fr.axonic.jf.bus.services.StepBuilder - 1 patterns can be built with the 12 known supports ([Validation of SWAM_ST_0005])
2018-09-20 14:38:15.707  [main] INFO  fr.axonic.jf.engine.JustificationSystem - Missing supports. Trying to autofill
2018-09-20 14:38:15.707  [main] INFO  fr.axonic.jf.engine.pattern.Pattern - [SupportType{type='Type{classType=class fr.axonic.jf.instance.redmine.RedmineConclusion, nameType='SWAM_ST_0001 validated'}}]
2018-09-20 14:38:15.708  [main] INFO  fr.axonic.jf.engine.JustificationSystem - Found [SupportType{type='Type{classType=class fr.axonic.jf.instance.redmine.RedmineConclusion, nameType='SWAM_ST_0001 validated'}}] to fill
2018-09-20 14:38:15.708  [main] INFO  fr.axonic.jf.engine.JustificationSystem - [Support{id='42e8974315c84b7fab10890a48fb88f2', name='SWAM_ST_0001 validated', element=Document{url=http://aurl.com/SWAM_ST_0001}, restrictions=[]}]
2018-09-20 14:38:15.708  [main] INFO  fr.axonic.jf.engine.JustificationSystem - Found [Support{id='42e8974315c84b7fab10890a48fb88f2', name='SWAM_ST_0001 validated', element=Document{url=http://aurl.com/SWAM_ST_0001}, restrictions=[]}]. Add them to supports
2018-09-20 14:38:15.709  [main] INFO  fr.axonic.jf.engine.JustificationSystem - Supports : [Support{id='64bf33ea12284c7fa9b4ca7678824456', name='SWAM_ST_0005', element=Document{url=http://aurl.com/SWAM_ST_0005}}, Support{id='0dc0569295944e21a35219fc38fd8ed3', name='SWAM_ST_0005_APPROVAL', element=Document{url=http://aurl.com/SWAM_ST_0005_APPROVAL}}, Support{id='42e8974315c84b7fab10890a48fb88f2', name='SWAM_ST_0001 validated', element=Document{url=http://aurl.com/SWAM_ST_0001}, restrictions=[]}]
2018-09-20 14:38:15.709  [main] INFO  fr.axonic.jf.engine.JustificationSystem - Conclusion : Support{id='f975046ecdd9419b8336082baeaf5b51', name='SWAM_ST_0005 validated', element=Document{url=http://aurl.com/SWAM_ST_0005}, restrictions=[]}
2018-09-20 14:38:15.710  [main] INFO  fr.axonic.jf.bus.services.StepBuilder - Step SWAM_ST_0005_VALIDATION has been built
2018-09-20 14:38:15.711  [main] INFO  fr.axonic.jf.bus.services.StepBuilder - 0 patterns can be built with the 12 known supports ([])
2018-09-20 14:38:15.712  [main] INFO  fr.axonic.jf.bus.services.StepBuilder - Acknowledge support "SWAM_ST_0006", version "A"
2018-09-20 14:38:15.713  [main] INFO  fr.axonic.jf.bus.services.StepBuilder - 0 patterns can be built with the 13 known supports ([])
2018-09-20 14:38:15.714  [main] INFO  fr.axonic.jf.bus.services.StepBuilder - Acknowledge support "SWAM_ST_0006_APPROVAL", version "A"
2018-09-20 14:38:15.715  [main] INFO  fr.axonic.jf.bus.services.StepBuilder - 1 patterns can be built with the 14 known supports ([Validation of SWAM_ST_0006])
2018-09-20 14:38:15.716  [main] INFO  fr.axonic.jf.engine.JustificationSystem - Missing supports. Trying to autofill
2018-09-20 14:38:15.717  [main] INFO  fr.axonic.jf.engine.pattern.Pattern - [SupportType{type='Type{classType=class fr.axonic.jf.instance.redmine.RedmineConclusion, nameType='SWAM_ST_0001 validated'}}]
2018-09-20 14:38:15.717  [main] INFO  fr.axonic.jf.engine.JustificationSystem - Found [SupportType{type='Type{classType=class fr.axonic.jf.instance.redmine.RedmineConclusion, nameType='SWAM_ST_0001 validated'}}] to fill
2018-09-20 14:38:15.719  [main] INFO  fr.axonic.jf.engine.JustificationSystem - [Support{id='42e8974315c84b7fab10890a48fb88f2', name='SWAM_ST_0001 validated', element=Document{url=http://aurl.com/SWAM_ST_0001}, restrictions=[]}]
2018-09-20 14:38:15.720  [main] INFO  fr.axonic.jf.engine.JustificationSystem - Found [Support{id='42e8974315c84b7fab10890a48fb88f2', name='SWAM_ST_0001 validated', element=Document{url=http://aurl.com/SWAM_ST_0001}, restrictions=[]}]. Add them to supports
2018-09-20 14:38:15.721  [main] INFO  fr.axonic.jf.engine.JustificationSystem - Supports : [Support{id='6409fd07d024470fa9f7893ac4a20cab', name='SWAM_ST_0006', element=Document{url=http://aurl.com/SWAM_ST_0006}}, Support{id='371e9418a0c240b3ba6ac42068ef873e', name='SWAM_ST_0006_APPROVAL', element=Document{url=http://aurl.com/SWAM_ST_0006_APPROVAL}}, Support{id='42e8974315c84b7fab10890a48fb88f2', name='SWAM_ST_0001 validated', element=Document{url=http://aurl.com/SWAM_ST_0001}, restrictions=[]}]
2018-09-20 14:38:15.724  [main] INFO  fr.axonic.jf.engine.JustificationSystem - Conclusion : Support{id='1afc7bfd8c4345fdb3adbd0b89cb70cb', name='SWAM_ST_0006 validated', element=Document{url=http://aurl.com/SWAM_ST_0006}, restrictions=[]}
2018-09-20 14:38:15.724  [main] INFO  fr.axonic.jf.bus.services.StepBuilder - Step SWAM_ST_0006_VALIDATION has been built
2018-09-20 14:38:15.729  [main] INFO  fr.axonic.jf.bus.services.StepBuilder - 0 patterns can be built with the 14 known supports ([])
2018-09-20 14:38:15.730  [main] INFO  fr.axonic.jf.bus.services.StepBuilder - Acknowledge support "SWAM_ST_0007", version "A"
2018-09-20 14:38:15.731  [main] INFO  fr.axonic.jf.bus.services.StepBuilder - 0 patterns can be built with the 15 known supports ([])
2018-09-20 14:38:15.732  [main] INFO  fr.axonic.jf.bus.services.StepBuilder - Acknowledge support "SWAM_ST_0007_APPROVAL", version "A"
2018-09-20 14:38:15.734  [main] INFO  fr.axonic.jf.bus.services.StepBuilder - 1 patterns can be built with the 16 known supports ([Validation of SWAM_ST_0007])
2018-09-20 14:38:15.742  [main] INFO  fr.axonic.jf.engine.JustificationSystem - Missing supports. Trying to autofill
2018-09-20 14:38:15.742  [main] INFO  fr.axonic.jf.engine.pattern.Pattern - [SupportType{type='Type{classType=class fr.axonic.jf.instance.redmine.RedmineConclusion, nameType='SWAM_ST_0001 validated'}}]
2018-09-20 14:38:15.743  [main] INFO  fr.axonic.jf.engine.JustificationSystem - Found [SupportType{type='Type{classType=class fr.axonic.jf.instance.redmine.RedmineConclusion, nameType='SWAM_ST_0001 validated'}}] to fill
2018-09-20 14:38:15.743  [main] INFO  fr.axonic.jf.engine.JustificationSystem - [Support{id='42e8974315c84b7fab10890a48fb88f2', name='SWAM_ST_0001 validated', element=Document{url=http://aurl.com/SWAM_ST_0001}, restrictions=[]}]
2018-09-20 14:38:15.744  [main] INFO  fr.axonic.jf.engine.JustificationSystem - Found [Support{id='42e8974315c84b7fab10890a48fb88f2', name='SWAM_ST_0001 validated', element=Document{url=http://aurl.com/SWAM_ST_0001}, restrictions=[]}]. Add them to supports
2018-09-20 14:38:15.745  [main] INFO  fr.axonic.jf.engine.JustificationSystem - Supports : [Support{id='2bf7aa6b711545deb21ce626a37090a1', name='SWAM_ST_0007', element=Document{url=http://aurl.com/SWAM_ST_0007}}, Support{id='ec791fb0708b4c7485df538d778b3dc3', name='SWAM_ST_0007_APPROVAL', element=Document{url=http://aurl.com/SWAM_ST_0007_APPROVAL}}, Support{id='42e8974315c84b7fab10890a48fb88f2', name='SWAM_ST_0001 validated', element=Document{url=http://aurl.com/SWAM_ST_0001}, restrictions=[]}]
2018-09-20 14:38:15.746  [main] INFO  fr.axonic.jf.engine.JustificationSystem - Conclusion : Support{id='a3ada5aa41954adfb65a43bd5606e7f5', name='SWAM_ST_0007 validated', element=Document{url=http://aurl.com/SWAM_ST_0007}, restrictions=[]}
2018-09-20 14:38:15.749  [main] INFO  fr.axonic.jf.bus.services.StepBuilder - Step SWAM_ST_0007_VALIDATION has been built
2018-09-20 14:38:15.752  [main] INFO  fr.axonic.jf.bus.services.StepBuilder - 0 patterns can be built with the 16 known supports ([])
2018-09-20 14:38:15.753  [main] INFO  fr.axonic.jf.bus.services.StepBuilder - Acknowledge support "SWAM_ST_0008", version "A"
2018-09-20 14:38:15.756  [main] INFO  fr.axonic.jf.bus.services.StepBuilder - 0 patterns can be built with the 17 known supports ([])
2018-09-20 14:38:15.758  [main] INFO  fr.axonic.jf.bus.services.StepBuilder - Acknowledge support "SWAM_ST_0008_APPROVAL", version "A"
2018-09-20 14:38:15.761  [main] INFO  fr.axonic.jf.bus.services.StepBuilder - 1 patterns can be built with the 18 known supports ([Validation of SWAM_ST_0008])
2018-09-20 14:38:15.761  [main] INFO  fr.axonic.jf.engine.JustificationSystem - Missing supports. Trying to autofill
2018-09-20 14:38:15.762  [main] INFO  fr.axonic.jf.engine.pattern.Pattern - [SupportType{type='Type{classType=class fr.axonic.jf.instance.redmine.RedmineConclusion, nameType='SWAM_ST_0001 validated'}}]
2018-09-20 14:38:15.762  [main] INFO  fr.axonic.jf.engine.JustificationSystem - Found [SupportType{type='Type{classType=class fr.axonic.jf.instance.redmine.RedmineConclusion, nameType='SWAM_ST_0001 validated'}}] to fill
2018-09-20 14:38:15.766  [main] INFO  fr.axonic.jf.engine.JustificationSystem - [Support{id='42e8974315c84b7fab10890a48fb88f2', name='SWAM_ST_0001 validated', element=Document{url=http://aurl.com/SWAM_ST_0001}, restrictions=[]}]
2018-09-20 14:38:15.769  [main] INFO  fr.axonic.jf.engine.JustificationSystem - Found [Support{id='42e8974315c84b7fab10890a48fb88f2', name='SWAM_ST_0001 validated', element=Document{url=http://aurl.com/SWAM_ST_0001}, restrictions=[]}]. Add them to supports
2018-09-20 14:38:15.770  [main] INFO  fr.axonic.jf.engine.JustificationSystem - Supports : [Support{id='3e414f9968ac4c0ca44295f683f00abc', name='SWAM_ST_0008', element=Document{url=http://aurl.com/SWAM_ST_0008}}, Support{id='d1d12b05cfac4e36bff810be2b3fc5e0', name='SWAM_ST_0008_APPROVAL', element=Document{url=http://aurl.com/SWAM_ST_0008_APPROVAL}}, Support{id='42e8974315c84b7fab10890a48fb88f2', name='SWAM_ST_0001 validated', element=Document{url=http://aurl.com/SWAM_ST_0001}, restrictions=[]}]
2018-09-20 14:38:15.776  [main] INFO  fr.axonic.jf.engine.JustificationSystem - Conclusion : Support{id='29c2ca27b1f84cb08ac826d9009b1e53', name='SWAM_ST_0008 validated', element=Document{url=http://aurl.com/SWAM_ST_0008}, restrictions=[]}
2018-09-20 14:38:15.777  [main] INFO  fr.axonic.jf.bus.services.StepBuilder - Step SWAM_ST_0008_VALIDATION has been built
2018-09-20 14:38:15.778  [main] INFO  fr.axonic.jf.bus.services.StepBuilder - 0 patterns can be built with the 18 known supports ([])
2018-09-20 14:38:15.780  [main] INFO  fr.axonic.jf.bus.services.StepBuilder - Acknowledge support "SWAM_ST_0009", version "A"
2018-09-20 14:38:15.787  [main] INFO  fr.axonic.jf.bus.services.StepBuilder - 0 patterns can be built with the 19 known supports ([])
2018-09-20 14:38:15.789  [main] INFO  fr.axonic.jf.bus.services.StepBuilder - Acknowledge support "SWAM_ST_0009_APPROVAL", version "A"
2018-09-20 14:38:15.793  [main] INFO  fr.axonic.jf.bus.services.StepBuilder - 1 patterns can be built with the 20 known supports ([Validation of SWAM_ST_0009])
2018-09-20 14:38:15.794  [main] INFO  fr.axonic.jf.engine.JustificationSystem - Missing supports. Trying to autofill
2018-09-20 14:38:15.795  [main] INFO  fr.axonic.jf.engine.pattern.Pattern - [SupportType{type='Type{classType=class fr.axonic.jf.instance.redmine.RedmineConclusion, nameType='SWAM_ST_0001 validated'}}]
2018-09-20 14:38:15.795  [main] INFO  fr.axonic.jf.engine.JustificationSystem - Found [SupportType{type='Type{classType=class fr.axonic.jf.instance.redmine.RedmineConclusion, nameType='SWAM_ST_0001 validated'}}] to fill
2018-09-20 14:38:15.797  [main] INFO  fr.axonic.jf.engine.JustificationSystem - [Support{id='42e8974315c84b7fab10890a48fb88f2', name='SWAM_ST_0001 validated', element=Document{url=http://aurl.com/SWAM_ST_0001}, restrictions=[]}]
2018-09-20 14:38:15.798  [main] INFO  fr.axonic.jf.engine.JustificationSystem - Found [Support{id='42e8974315c84b7fab10890a48fb88f2', name='SWAM_ST_0001 validated', element=Document{url=http://aurl.com/SWAM_ST_0001}, restrictions=[]}]. Add them to supports
2018-09-20 14:38:15.799  [main] INFO  fr.axonic.jf.engine.JustificationSystem - Supports : [Support{id='2a3efa533e08407dafcd14fae8195cc6', name='SWAM_ST_0009', element=Document{url=http://aurl.com/SWAM_ST_0009}}, Support{id='9f9ab694c42448488afe288e7e7871d3', name='SWAM_ST_0009_APPROVAL', element=Document{url=http://aurl.com/SWAM_ST_0009_APPROVAL}}, Support{id='42e8974315c84b7fab10890a48fb88f2', name='SWAM_ST_0001 validated', element=Document{url=http://aurl.com/SWAM_ST_0001}, restrictions=[]}]
2018-09-20 14:38:15.799  [main] INFO  fr.axonic.jf.engine.JustificationSystem - Conclusion : Support{id='d38672516fba4ce282607e9bc52d5870', name='SWAM_ST_0009 validated', element=Document{url=http://aurl.com/SWAM_ST_0009}, restrictions=[]}
2018-09-20 14:38:15.800  [main] INFO  fr.axonic.jf.bus.services.StepBuilder - Step SWAM_ST_0009_VALIDATION has been built
2018-09-20 14:38:15.801  [main] INFO  fr.axonic.jf.bus.services.StepBuilder - 0 patterns can be built with the 20 known supports ([])
2018-09-20 14:38:15.802  [main] INFO  fr.axonic.jf.bus.services.StepBuilder - Acknowledge support "SWAM_ST_0010", version "A"
2018-09-20 14:38:15.804  [main] INFO  fr.axonic.jf.bus.services.StepBuilder - 0 patterns can be built with the 21 known supports ([])
2018-09-20 14:38:15.804  [main] INFO  fr.axonic.jf.bus.services.StepBuilder - Acknowledge support "SWAM_ST_0010_APPROVAL", version "A"
2018-09-20 14:38:15.806  [main] INFO  fr.axonic.jf.bus.services.StepBuilder - 1 patterns can be built with the 22 known supports ([Validation of SWAM_ST_0010])
2018-09-20 14:38:15.806  [main] INFO  fr.axonic.jf.engine.JustificationSystem - Missing supports. Trying to autofill
2018-09-20 14:38:15.806  [main] INFO  fr.axonic.jf.engine.pattern.Pattern - [SupportType{type='Type{classType=class fr.axonic.jf.instance.redmine.RedmineConclusion, nameType='SWAM_ST_0001 validated'}}]
2018-09-20 14:38:15.807  [main] INFO  fr.axonic.jf.engine.JustificationSystem - Found [SupportType{type='Type{classType=class fr.axonic.jf.instance.redmine.RedmineConclusion, nameType='SWAM_ST_0001 validated'}}] to fill
2018-09-20 14:38:15.807  [main] INFO  fr.axonic.jf.engine.JustificationSystem - [Support{id='42e8974315c84b7fab10890a48fb88f2', name='SWAM_ST_0001 validated', element=Document{url=http://aurl.com/SWAM_ST_0001}, restrictions=[]}]
2018-09-20 14:38:15.807  [main] INFO  fr.axonic.jf.engine.JustificationSystem - Found [Support{id='42e8974315c84b7fab10890a48fb88f2', name='SWAM_ST_0001 validated', element=Document{url=http://aurl.com/SWAM_ST_0001}, restrictions=[]}]. Add them to supports
2018-09-20 14:38:15.808  [main] INFO  fr.axonic.jf.engine.JustificationSystem - Supports : [Support{id='1306cd1016e94d10bd2706f6a65722f5', name='SWAM_ST_0010', element=Document{url=http://aurl.com/SWAM_ST_0010}}, Support{id='9d66b946ae6e43b8912d9f8d60ca6ae9', name='SWAM_ST_0010_APPROVAL', element=Document{url=http://aurl.com/SWAM_ST_0010_APPROVAL}}, Support{id='42e8974315c84b7fab10890a48fb88f2', name='SWAM_ST_0001 validated', element=Document{url=http://aurl.com/SWAM_ST_0001}, restrictions=[]}]
2018-09-20 14:38:15.808  [main] INFO  fr.axonic.jf.engine.JustificationSystem - Conclusion : Support{id='37c3713dfb9848fbb57b3208e1fc1b0a', name='SWAM_ST_0010 validated', element=Document{url=http://aurl.com/SWAM_ST_0010}, restrictions=[]}
2018-09-20 14:38:15.808  [main] INFO  fr.axonic.jf.bus.services.StepBuilder - Step SWAM_ST_0010_VALIDATION has been built
2018-09-20 14:38:15.809  [main] INFO  fr.axonic.jf.bus.services.StepBuilder - 0 patterns can be built with the 22 known supports ([])
2018-09-20 14:38:15.810  [main] INFO  fr.axonic.jf.bus.services.StepBuilder - Acknowledge support "SWAM_ST_0011", version "A"
2018-09-20 14:38:15.813  [main] INFO  fr.axonic.jf.bus.services.StepBuilder - 0 patterns can be built with the 23 known supports ([])
2018-09-20 14:38:15.814  [main] INFO  fr.axonic.jf.bus.services.StepBuilder - Acknowledge support "SWAM_ST_0011_APPROVAL", version "A"
2018-09-20 14:38:15.817  [main] INFO  fr.axonic.jf.bus.services.StepBuilder - 1 patterns can be built with the 24 known supports ([Validation of SWAM_ST_0011])
2018-09-20 14:38:15.821  [main] INFO  fr.axonic.jf.engine.JustificationSystem - Missing supports. Trying to autofill
2018-09-20 14:38:15.822  [main] INFO  fr.axonic.jf.engine.pattern.Pattern - [SupportType{type='Type{classType=class fr.axonic.jf.instance.redmine.RedmineConclusion, nameType='SWAM_ST_0001 validated'}}]
2018-09-20 14:38:15.823  [main] INFO  fr.axonic.jf.engine.JustificationSystem - Found [SupportType{type='Type{classType=class fr.axonic.jf.instance.redmine.RedmineConclusion, nameType='SWAM_ST_0001 validated'}}] to fill
2018-09-20 14:38:15.824  [main] INFO  fr.axonic.jf.engine.JustificationSystem - [Support{id='42e8974315c84b7fab10890a48fb88f2', name='SWAM_ST_0001 validated', element=Document{url=http://aurl.com/SWAM_ST_0001}, restrictions=[]}]
2018-09-20 14:38:15.825  [main] INFO  fr.axonic.jf.engine.JustificationSystem - Found [Support{id='42e8974315c84b7fab10890a48fb88f2', name='SWAM_ST_0001 validated', element=Document{url=http://aurl.com/SWAM_ST_0001}, restrictions=[]}]. Add them to supports
2018-09-20 14:38:15.826  [main] INFO  fr.axonic.jf.engine.JustificationSystem - Supports : [Support{id='90a67d56cd8746f492b3ddaaadd634f4', name='SWAM_ST_0011', element=Document{url=http://aurl.com/SWAM_ST_0011}}, Support{id='f737d365399e4754852f85e7b8926aa9', name='SWAM_ST_0011_APPROVAL', element=Document{url=http://aurl.com/SWAM_ST_0011_APPROVAL}}, Support{id='42e8974315c84b7fab10890a48fb88f2', name='SWAM_ST_0001 validated', element=Document{url=http://aurl.com/SWAM_ST_0001}, restrictions=[]}]
2018-09-20 14:38:15.826  [main] INFO  fr.axonic.jf.engine.JustificationSystem - Conclusion : Support{id='55e8ab0b62cf470cb273248a9e629cb4', name='SWAM_ST_0011 validated', element=Document{url=http://aurl.com/SWAM_ST_0011}, restrictions=[]}
2018-09-20 14:38:15.827  [main] INFO  fr.axonic.jf.bus.services.StepBuilder - Step SWAM_ST_0011_VALIDATION has been built
2018-09-20 14:38:15.828  [main] INFO  fr.axonic.jf.bus.services.StepBuilder - 0 patterns can be built with the 24 known supports ([])
2018-09-20 14:38:15.829  [main] INFO  fr.axonic.jf.bus.services.StepBuilder - Acknowledge support "SWAM_ST_0012", version "A"
2018-09-20 14:38:15.832  [main] INFO  fr.axonic.jf.bus.services.StepBuilder - 0 patterns can be built with the 25 known supports ([])
2018-09-20 14:38:15.833  [main] INFO  fr.axonic.jf.bus.services.StepBuilder - Acknowledge support "SWAM_ST_0012_APPROVAL", version "A"
2018-09-20 14:38:15.835  [main] INFO  fr.axonic.jf.bus.services.StepBuilder - 1 patterns can be built with the 26 known supports ([Validation of SWAM_ST_0012])
2018-09-20 14:38:15.837  [main] INFO  fr.axonic.jf.engine.JustificationSystem - Missing supports. Trying to autofill
2018-09-20 14:38:15.837  [main] INFO  fr.axonic.jf.engine.pattern.Pattern - [SupportType{type='Type{classType=class fr.axonic.jf.instance.redmine.RedmineConclusion, nameType='SWAM_ST_0001 validated'}}]
2018-09-20 14:38:15.838  [main] INFO  fr.axonic.jf.engine.JustificationSystem - Found [SupportType{type='Type{classType=class fr.axonic.jf.instance.redmine.RedmineConclusion, nameType='SWAM_ST_0001 validated'}}] to fill
2018-09-20 14:38:15.838  [main] INFO  fr.axonic.jf.engine.JustificationSystem - [Support{id='42e8974315c84b7fab10890a48fb88f2', name='SWAM_ST_0001 validated', element=Document{url=http://aurl.com/SWAM_ST_0001}, restrictions=[]}]
2018-09-20 14:38:15.839  [main] INFO  fr.axonic.jf.engine.JustificationSystem - Found [Support{id='42e8974315c84b7fab10890a48fb88f2', name='SWAM_ST_0001 validated', element=Document{url=http://aurl.com/SWAM_ST_0001}, restrictions=[]}]. Add them to supports
2018-09-20 14:38:15.839  [main] INFO  fr.axonic.jf.engine.JustificationSystem - Supports : [Support{id='a385790a86b84891a6886232706715be', name='SWAM_ST_0012', element=Document{url=http://aurl.com/SWAM_ST_0012}}, Support{id='3ca19115abdc4f85807800154b7897eb', name='SWAM_ST_0012_APPROVAL', element=Document{url=http://aurl.com/SWAM_ST_0012_APPROVAL}}, Support{id='42e8974315c84b7fab10890a48fb88f2', name='SWAM_ST_0001 validated', element=Document{url=http://aurl.com/SWAM_ST_0001}, restrictions=[]}]
2018-09-20 14:38:15.840  [main] INFO  fr.axonic.jf.engine.JustificationSystem - Conclusion : Support{id='2183fe06f32840e099b6b87d52c83144', name='SWAM_ST_0012 validated', element=Document{url=http://aurl.com/SWAM_ST_0012}, restrictions=[]}
2018-09-20 14:38:15.841  [main] INFO  fr.axonic.jf.bus.services.StepBuilder - Step SWAM_ST_0012_VALIDATION has been built
2018-09-20 14:38:15.842  [main] INFO  fr.axonic.jf.bus.services.StepBuilder - 0 patterns can be built with the 26 known supports ([])
2018-09-20 14:38:15.843  [main] INFO  fr.axonic.jf.bus.services.StepBuilder - Acknowledge support "SWAM_ST_0013", version "A"
2018-09-20 14:38:15.846  [main] INFO  fr.axonic.jf.bus.services.StepBuilder - 0 patterns can be built with the 27 known supports ([])
2018-09-20 14:38:15.849  [main] INFO  fr.axonic.jf.bus.services.StepBuilder - Acknowledge support "SWAM_ST_0013_APPROVAL", version "A"
2018-09-20 14:38:15.856  [main] INFO  fr.axonic.jf.bus.services.StepBuilder - 1 patterns can be built with the 28 known supports ([Validation of SWAM_ST_0013])
2018-09-20 14:38:15.858  [main] INFO  fr.axonic.jf.engine.JustificationSystem - Missing supports. Trying to autofill
2018-09-20 14:38:15.859  [main] INFO  fr.axonic.jf.engine.pattern.Pattern - [SupportType{type='Type{classType=class fr.axonic.jf.instance.redmine.RedmineConclusion, nameType='SWAM_ST_0001 validated'}}]
2018-09-20 14:38:15.860  [main] INFO  fr.axonic.jf.engine.JustificationSystem - Found [SupportType{type='Type{classType=class fr.axonic.jf.instance.redmine.RedmineConclusion, nameType='SWAM_ST_0001 validated'}}] to fill
2018-09-20 14:38:15.860  [main] INFO  fr.axonic.jf.engine.JustificationSystem - [Support{id='42e8974315c84b7fab10890a48fb88f2', name='SWAM_ST_0001 validated', element=Document{url=http://aurl.com/SWAM_ST_0001}, restrictions=[]}]
2018-09-20 14:38:15.860  [main] INFO  fr.axonic.jf.engine.JustificationSystem - Found [Support{id='42e8974315c84b7fab10890a48fb88f2', name='SWAM_ST_0001 validated', element=Document{url=http://aurl.com/SWAM_ST_0001}, restrictions=[]}]. Add them to supports
2018-09-20 14:38:15.861  [main] INFO  fr.axonic.jf.engine.JustificationSystem - Supports : [Support{id='08df7e342f58496089faec81d38de11d', name='SWAM_ST_0013', element=Document{url=http://aurl.com/SWAM_ST_0013}}, Support{id='7b20517cd9e744c2989a973451217c6c', name='SWAM_ST_0013_APPROVAL', element=Document{url=http://aurl.com/SWAM_ST_0013_APPROVAL}}, Support{id='42e8974315c84b7fab10890a48fb88f2', name='SWAM_ST_0001 validated', element=Document{url=http://aurl.com/SWAM_ST_0001}, restrictions=[]}]
2018-09-20 14:38:15.861  [main] INFO  fr.axonic.jf.engine.JustificationSystem - Conclusion : Support{id='857f1251aa774fb6a067d4205aed0f17', name='SWAM_ST_0013 validated', element=Document{url=http://aurl.com/SWAM_ST_0013}, restrictions=[]}
2018-09-20 14:38:15.862  [main] INFO  fr.axonic.jf.bus.services.StepBuilder - Step SWAM_ST_0013_VALIDATION has been built
2018-09-20 14:38:15.867  [main] INFO  fr.axonic.jf.bus.services.StepBuilder - 1 patterns can be built with the 28 known supports ([Validation of SWAM technical specification])
2018-09-20 14:38:15.871  [main] INFO  fr.axonic.jf.engine.JustificationSystem - Missing supports. Trying to autofill
2018-09-20 14:38:15.873  [main] INFO  fr.axonic.jf.engine.pattern.Pattern - [SupportType{type='Type{classType=class fr.axonic.jf.instance.redmine.RedmineConclusion, nameType='SWAM_ST_0002 validated'}}, SupportType{type='Type{classType=class fr.axonic.jf.instance.redmine.RedmineConclusion, nameType='SWAM_ST_0003 validated'}}, SupportType{type='Type{classType=class fr.axonic.jf.instance.redmine.RedmineConclusion, nameType='SWAM_ST_0004 validated'}}, SupportType{type='Type{classType=class fr.axonic.jf.instance.redmine.RedmineConclusion, nameType='SWAM_ST_0005 validated'}}, SupportType{type='Type{classType=class fr.axonic.jf.instance.redmine.RedmineConclusion, nameType='SWAM_ST_0006 validated'}}, SupportType{type='Type{classType=class fr.axonic.jf.instance.redmine.RedmineConclusion, nameType='SWAM_ST_0007 validated'}}, SupportType{type='Type{classType=class fr.axonic.jf.instance.redmine.RedmineConclusion, nameType='SWAM_ST_0008 validated'}}, SupportType{type='Type{classType=class fr.axonic.jf.instance.redmine.RedmineConclusion, nameType='SWAM_ST_0009 validated'}}, SupportType{type='Type{classType=class fr.axonic.jf.instance.redmine.RedmineConclusion, nameType='SWAM_ST_0010 validated'}}, SupportType{type='Type{classType=class fr.axonic.jf.instance.redmine.RedmineConclusion, nameType='SWAM_ST_0011 validated'}}, SupportType{type='Type{classType=class fr.axonic.jf.instance.redmine.RedmineConclusion, nameType='SWAM_ST_0012 validated'}}, SupportType{type='Type{classType=class fr.axonic.jf.instance.redmine.RedmineConclusion, nameType='SWAM_ST_0013 validated'}}]
2018-09-20 14:38:15.875  [main] INFO  fr.axonic.jf.engine.JustificationSystem - Found [SupportType{type='Type{classType=class fr.axonic.jf.instance.redmine.RedmineConclusion, nameType='SWAM_ST_0002 validated'}}, SupportType{type='Type{classType=class fr.axonic.jf.instance.redmine.RedmineConclusion, nameType='SWAM_ST_0003 validated'}}, SupportType{type='Type{classType=class fr.axonic.jf.instance.redmine.RedmineConclusion, nameType='SWAM_ST_0004 validated'}}, SupportType{type='Type{classType=class fr.axonic.jf.instance.redmine.RedmineConclusion, nameType='SWAM_ST_0005 validated'}}, SupportType{type='Type{classType=class fr.axonic.jf.instance.redmine.RedmineConclusion, nameType='SWAM_ST_0006 validated'}}, SupportType{type='Type{classType=class fr.axonic.jf.instance.redmine.RedmineConclusion, nameType='SWAM_ST_0007 validated'}}, SupportType{type='Type{classType=class fr.axonic.jf.instance.redmine.RedmineConclusion, nameType='SWAM_ST_0008 validated'}}, SupportType{type='Type{classType=class fr.axonic.jf.instance.redmine.RedmineConclusion, nameType='SWAM_ST_0009 validated'}}, SupportType{type='Type{classType=class fr.axonic.jf.instance.redmine.RedmineConclusion, nameType='SWAM_ST_0010 validated'}}, SupportType{type='Type{classType=class fr.axonic.jf.instance.redmine.RedmineConclusion, nameType='SWAM_ST_0011 validated'}}, SupportType{type='Type{classType=class fr.axonic.jf.instance.redmine.RedmineConclusion, nameType='SWAM_ST_0012 validated'}}, SupportType{type='Type{classType=class fr.axonic.jf.instance.redmine.RedmineConclusion, nameType='SWAM_ST_0013 validated'}}] to fill
2018-09-20 14:38:15.877  [main] INFO  fr.axonic.jf.engine.JustificationSystem - [Support{id='5736e5b2feae4ccea3855da4b641c0a6', name='SWAM_ST_0002 validated', element=Document{url=http://aurl.com/SWAM_ST_0002}, restrictions=[]}, Support{id='7b1dd30189bb46b9abbbdb4b912fd284', name='SWAM_ST_0003 validated', element=Document{url=http://aurl.com/SWAM_ST_0003}, restrictions=[]}, Support{id='ad4e665ce05d430ca545411bcb1c1f1b', name='SWAM_ST_0004 validated', element=Document{url=http://aurl.com/SWAM_ST_0004}, restrictions=[]}, Support{id='f975046ecdd9419b8336082baeaf5b51', name='SWAM_ST_0005 validated', element=Document{url=http://aurl.com/SWAM_ST_0005}, restrictions=[]}, Support{id='1afc7bfd8c4345fdb3adbd0b89cb70cb', name='SWAM_ST_0006 validated', element=Document{url=http://aurl.com/SWAM_ST_0006}, restrictions=[]}, Support{id='a3ada5aa41954adfb65a43bd5606e7f5', name='SWAM_ST_0007 validated', element=Document{url=http://aurl.com/SWAM_ST_0007}, restrictions=[]}, Support{id='29c2ca27b1f84cb08ac826d9009b1e53', name='SWAM_ST_0008 validated', element=Document{url=http://aurl.com/SWAM_ST_0008}, restrictions=[]}, Support{id='d38672516fba4ce282607e9bc52d5870', name='SWAM_ST_0009 validated', element=Document{url=http://aurl.com/SWAM_ST_0009}, restrictions=[]}, Support{id='37c3713dfb9848fbb57b3208e1fc1b0a', name='SWAM_ST_0010 validated', element=Document{url=http://aurl.com/SWAM_ST_0010}, restrictions=[]}, Support{id='55e8ab0b62cf470cb273248a9e629cb4', name='SWAM_ST_0011 validated', element=Document{url=http://aurl.com/SWAM_ST_0011}, restrictions=[]}, Support{id='2183fe06f32840e099b6b87d52c83144', name='SWAM_ST_0012 validated', element=Document{url=http://aurl.com/SWAM_ST_0012}, restrictions=[]}, Support{id='857f1251aa774fb6a067d4205aed0f17', name='SWAM_ST_0013 validated', element=Document{url=http://aurl.com/SWAM_ST_0013}, restrictions=[]}]
2018-09-20 14:38:15.877  [main] INFO  fr.axonic.jf.engine.JustificationSystem - Found [Support{id='5736e5b2feae4ccea3855da4b641c0a6', name='SWAM_ST_0002 validated', element=Document{url=http://aurl.com/SWAM_ST_0002}, restrictions=[]}, Support{id='7b1dd30189bb46b9abbbdb4b912fd284', name='SWAM_ST_0003 validated', element=Document{url=http://aurl.com/SWAM_ST_0003}, restrictions=[]}, Support{id='ad4e665ce05d430ca545411bcb1c1f1b', name='SWAM_ST_0004 validated', element=Document{url=http://aurl.com/SWAM_ST_0004}, restrictions=[]}, Support{id='f975046ecdd9419b8336082baeaf5b51', name='SWAM_ST_0005 validated', element=Document{url=http://aurl.com/SWAM_ST_0005}, restrictions=[]}, Support{id='1afc7bfd8c4345fdb3adbd0b89cb70cb', name='SWAM_ST_0006 validated', element=Document{url=http://aurl.com/SWAM_ST_0006}, restrictions=[]}, Support{id='a3ada5aa41954adfb65a43bd5606e7f5', name='SWAM_ST_0007 validated', element=Document{url=http://aurl.com/SWAM_ST_0007}, restrictions=[]}, Support{id='29c2ca27b1f84cb08ac826d9009b1e53', name='SWAM_ST_0008 validated', element=Document{url=http://aurl.com/SWAM_ST_0008}, restrictions=[]}, Support{id='d38672516fba4ce282607e9bc52d5870', name='SWAM_ST_0009 validated', element=Document{url=http://aurl.com/SWAM_ST_0009}, restrictions=[]}, Support{id='37c3713dfb9848fbb57b3208e1fc1b0a', name='SWAM_ST_0010 validated', element=Document{url=http://aurl.com/SWAM_ST_0010}, restrictions=[]}, Support{id='55e8ab0b62cf470cb273248a9e629cb4', name='SWAM_ST_0011 validated', element=Document{url=http://aurl.com/SWAM_ST_0011}, restrictions=[]}, Support{id='2183fe06f32840e099b6b87d52c83144', name='SWAM_ST_0012 validated', element=Document{url=http://aurl.com/SWAM_ST_0012}, restrictions=[]}, Support{id='857f1251aa774fb6a067d4205aed0f17', name='SWAM_ST_0013 validated', element=Document{url=http://aurl.com/SWAM_ST_0013}, restrictions=[]}]. Add them to supports
2018-09-20 14:38:15.878  [main] INFO  fr.axonic.jf.engine.JustificationSystem - Supports : [Support{id='5736e5b2feae4ccea3855da4b641c0a6', name='SWAM_ST_0002 validated', element=Document{url=http://aurl.com/SWAM_ST_0002}, restrictions=[]}, Support{id='7b1dd30189bb46b9abbbdb4b912fd284', name='SWAM_ST_0003 validated', element=Document{url=http://aurl.com/SWAM_ST_0003}, restrictions=[]}, Support{id='ad4e665ce05d430ca545411bcb1c1f1b', name='SWAM_ST_0004 validated', element=Document{url=http://aurl.com/SWAM_ST_0004}, restrictions=[]}, Support{id='f975046ecdd9419b8336082baeaf5b51', name='SWAM_ST_0005 validated', element=Document{url=http://aurl.com/SWAM_ST_0005}, restrictions=[]}, Support{id='1afc7bfd8c4345fdb3adbd0b89cb70cb', name='SWAM_ST_0006 validated', element=Document{url=http://aurl.com/SWAM_ST_0006}, restrictions=[]}, Support{id='a3ada5aa41954adfb65a43bd5606e7f5', name='SWAM_ST_0007 validated', element=Document{url=http://aurl.com/SWAM_ST_0007}, restrictions=[]}, Support{id='29c2ca27b1f84cb08ac826d9009b1e53', name='SWAM_ST_0008 validated', element=Document{url=http://aurl.com/SWAM_ST_0008}, restrictions=[]}, Support{id='d38672516fba4ce282607e9bc52d5870', name='SWAM_ST_0009 validated', element=Document{url=http://aurl.com/SWAM_ST_0009}, restrictions=[]}, Support{id='37c3713dfb9848fbb57b3208e1fc1b0a', name='SWAM_ST_0010 validated', element=Document{url=http://aurl.com/SWAM_ST_0010}, restrictions=[]}, Support{id='55e8ab0b62cf470cb273248a9e629cb4', name='SWAM_ST_0011 validated', element=Document{url=http://aurl.com/SWAM_ST_0011}, restrictions=[]}, Support{id='2183fe06f32840e099b6b87d52c83144', name='SWAM_ST_0012 validated', element=Document{url=http://aurl.com/SWAM_ST_0012}, restrictions=[]}, Support{id='857f1251aa774fb6a067d4205aed0f17', name='SWAM_ST_0013 validated', element=Document{url=http://aurl.com/SWAM_ST_0013}, restrictions=[]}]
2018-09-20 14:38:15.878  [main] INFO  fr.axonic.jf.engine.JustificationSystem - Conclusion : Support{id='d718a9b5c79e48c1af19ad7368afef83', name='SWAM_ST validated', element=null, restrictions=[]}
2018-09-20 14:38:15.879  [main] INFO  fr.axonic.jf.bus.services.StepBuilder - Step SWAM_ST_VALIDATION has been built
2018-09-20 14:38:15.880  [main] INFO  fr.axonic.jf.bus.services.StepBuilder - 0 patterns can be built with the 28 known supports ([])
2018-09-20 14:38:15.883  [main] INFO  fr.axonic.jf.bus.services.StepBuilder - Acknowledge support "SWAM_ST_0001", version "A"
2018-09-20 14:38:15.883  [main] INFO  fr.axonic.jf.bus.services.StepBuilder - 0 patterns can be built with the 1 known supports ([])
2018-09-20 14:38:15.884  [main] INFO  fr.axonic.jf.bus.services.StepBuilder - Acknowledge support "SWAM_ST_0001_APPROVAL", version "A"
2018-09-20 14:38:15.884  [main] INFO  fr.axonic.jf.bus.services.StepBuilder - 1 patterns can be built with the 2 known supports ([Validation of SWAM_ST_0001])
2018-09-20 14:38:15.885  [main] INFO  fr.axonic.jf.engine.JustificationSystem - Supports : [Support{id='4012c337fff74ccbae1a6b15c95782b4', name='SWAM_ST_0001', element=Document{url=http://aurl.com/SWAM_ST_0001}}, Support{id='384844135cb94793925267a8994b4deb', name='SWAM_ST_0001_APPROVAL', element=Document{url=http://aurl.com/SWAM_ST_0001_APPROVAL}}]
2018-09-20 14:38:15.885  [main] INFO  fr.axonic.jf.engine.JustificationSystem - Conclusion : Support{id='df200e4d0a1a4c61b03259fb9ad710df', name='SWAM_ST_0001 validated', element=Document{url=http://aurl.com/SWAM_ST_0001}, restrictions=[]}
2018-09-20 14:38:15.885  [main] INFO  fr.axonic.jf.bus.services.StepBuilder - Step SWAM_ST_0001_VALIDATION has been built
2018-09-20 14:38:15.886  [main] INFO  fr.axonic.jf.bus.services.StepBuilder - 0 patterns can be built with the 2 known supports ([])
